{"numFailedTestSuites":4,"numFailedTests":56,"numPassedTestSuites":0,"numPassedTests":21,"numPendingTestSuites":0,"numPendingTests":0,"numRuntimeErrorTestSuites":0,"numTodoTests":0,"numTotalTestSuites":4,"numTotalTests":77,"openHandles":[],"snapshot":{"added":0,"didUpdate":false,"failure":false,"filesAdded":0,"filesRemoved":0,"filesRemovedList":[],"filesUnmatched":0,"filesUpdated":0,"matched":0,"total":0,"unchecked":0,"uncheckedKeysByFile":[],"unmatched":0,"updated":0},"startTime":1696079754389,"success":false,"testResults":[{"assertionResults":[{"ancestorTitles":["[T2] TicTacToeArea","[T2.1] Game update listeners"],"duration":117,"failureDetails":[{"matcherResult":{"message":"\u001b[2mexpect(\u001b[22m\u001b[31mjest.fn()\u001b[39m\u001b[2m).\u001b[22mtoBeCalledTimes\u001b[2m(\u001b[22m\u001b[32mexpected\u001b[39m\u001b[2m)\u001b[22m\n\nExpected number of calls: \u001b[32m2\u001b[39m\nReceived number of calls: \u001b[31m0\u001b[39m","pass":false}}],"failureMessages":["Error: \u001b[2mexpect(\u001b[22m\u001b[31mjest.fn()\u001b[39m\u001b[2m).\u001b[22mtoBeCalledTimes\u001b[2m(\u001b[22m\u001b[32mexpected\u001b[39m\u001b[2m)\u001b[22m\n\nExpected number of calls: \u001b[32m2\u001b[39m\nReceived number of calls: \u001b[31m0\u001b[39m\n    at Object.<anonymous> (/Users/jon/Documents/NEU/Teaching/covey.town-private/frontend/src/components/Town/interactables/TicTacToe/TicTacToeArea.test.tsx:219:30)\n    at Promise.then.completed (/Users/jon/Documents/NEU/Teaching/covey.town-private/frontend/node_modules/jest-circus/build/utils.js:293:28)\n    at new Promise (<anonymous>)\n    at callAsyncCircusFn (/Users/jon/Documents/NEU/Teaching/covey.town-private/frontend/node_modules/jest-circus/build/utils.js:226:10)\n    at _callCircusTest (/Users/jon/Documents/NEU/Teaching/covey.town-private/frontend/node_modules/jest-circus/build/run.js:297:40)\n    at _runTest (/Users/jon/Documents/NEU/Teaching/covey.town-private/frontend/node_modules/jest-circus/build/run.js:233:3)\n    at _runTestsForDescribeBlock (/Users/jon/Documents/NEU/Teaching/covey.town-private/frontend/node_modules/jest-circus/build/run.js:135:9)\n    at _runTestsForDescribeBlock (/Users/jon/Documents/NEU/Teaching/covey.town-private/frontend/node_modules/jest-circus/build/run.js:130:9)\n    at _runTestsForDescribeBlock (/Users/jon/Documents/NEU/Teaching/covey.town-private/frontend/node_modules/jest-circus/build/run.js:130:9)\n    at run (/Users/jon/Documents/NEU/Teaching/covey.town-private/frontend/node_modules/jest-circus/build/run.js:68:3)\n    at runAndTransformResultsToJestFormat (/Users/jon/Documents/NEU/Teaching/covey.town-private/frontend/node_modules/jest-circus/build/legacy-code-todo-rewrite/jestAdapterInit.js:122:21)\n    at jestAdapter (/Users/jon/Documents/NEU/Teaching/covey.town-private/frontend/node_modules/jest-circus/build/legacy-code-todo-rewrite/jestAdapter.js:79:19)\n    at runTestInternal (/Users/jon/Documents/NEU/Teaching/covey.town-private/frontend/node_modules/jest-runner/build/runTest.js:367:16)\n    at runTest (/Users/jon/Documents/NEU/Teaching/covey.town-private/frontend/node_modules/jest-runner/build/runTest.js:444:34)"],"fullName":"[T2] TicTacToeArea [T2.1] Game update listeners Registers exactly two listeners when mounted: one for gameUpdated and one for gameEnd","invocations":1,"location":null,"numPassingAsserts":0,"retryReasons":[],"status":"failed","title":"Registers exactly two listeners when mounted: one for gameUpdated and one for gameEnd"},{"ancestorTitles":["[T2] TicTacToeArea","[T2.1] Game update listeners"],"duration":66,"failureDetails":[{"matcherResult":{"message":"\u001b[2mexpect(\u001b[22m\u001b[31mjest.fn()\u001b[39m\u001b[2m).\u001b[22mtoBeCalledTimes\u001b[2m(\u001b[22m\u001b[32mexpected\u001b[39m\u001b[2m)\u001b[22m\n\nExpected number of calls: \u001b[32m2\u001b[39m\nReceived number of calls: \u001b[31m0\u001b[39m","pass":false}}],"failureMessages":["Error: \u001b[2mexpect(\u001b[22m\u001b[31mjest.fn()\u001b[39m\u001b[2m).\u001b[22mtoBeCalledTimes\u001b[2m(\u001b[22m\u001b[32mexpected\u001b[39m\u001b[2m)\u001b[22m\n\nExpected number of calls: \u001b[32m2\u001b[39m\nReceived number of calls: \u001b[31m0\u001b[39m\n    at Object.<anonymous> (/Users/jon/Documents/NEU/Teaching/covey.town-private/frontend/src/components/Town/interactables/TicTacToe/TicTacToeArea.test.tsx:229:30)\n    at Promise.then.completed (/Users/jon/Documents/NEU/Teaching/covey.town-private/frontend/node_modules/jest-circus/build/utils.js:293:28)\n    at new Promise (<anonymous>)\n    at callAsyncCircusFn (/Users/jon/Documents/NEU/Teaching/covey.town-private/frontend/node_modules/jest-circus/build/utils.js:226:10)\n    at _callCircusTest (/Users/jon/Documents/NEU/Teaching/covey.town-private/frontend/node_modules/jest-circus/build/run.js:297:40)\n    at _runTest (/Users/jon/Documents/NEU/Teaching/covey.town-private/frontend/node_modules/jest-circus/build/run.js:233:3)\n    at _runTestsForDescribeBlock (/Users/jon/Documents/NEU/Teaching/covey.town-private/frontend/node_modules/jest-circus/build/run.js:135:9)\n    at _runTestsForDescribeBlock (/Users/jon/Documents/NEU/Teaching/covey.town-private/frontend/node_modules/jest-circus/build/run.js:130:9)\n    at _runTestsForDescribeBlock (/Users/jon/Documents/NEU/Teaching/covey.town-private/frontend/node_modules/jest-circus/build/run.js:130:9)\n    at run (/Users/jon/Documents/NEU/Teaching/covey.town-private/frontend/node_modules/jest-circus/build/run.js:68:3)\n    at runAndTransformResultsToJestFormat (/Users/jon/Documents/NEU/Teaching/covey.town-private/frontend/node_modules/jest-circus/build/legacy-code-todo-rewrite/jestAdapterInit.js:122:21)\n    at jestAdapter (/Users/jon/Documents/NEU/Teaching/covey.town-private/frontend/node_modules/jest-circus/build/legacy-code-todo-rewrite/jestAdapter.js:79:19)\n    at runTestInternal (/Users/jon/Documents/NEU/Teaching/covey.town-private/frontend/node_modules/jest-runner/build/runTest.js:367:16)\n    at runTest (/Users/jon/Documents/NEU/Teaching/covey.town-private/frontend/node_modules/jest-runner/build/runTest.js:444:34)"],"fullName":"[T2] TicTacToeArea [T2.1] Game update listeners Does not register listeners on every render","invocations":1,"location":null,"numPassingAsserts":0,"retryReasons":[],"status":"failed","title":"Does not register listeners on every render"},{"ancestorTitles":["[T2] TicTacToeArea","[T2.1] Game update listeners"],"duration":63,"failureDetails":[{"matcherResult":{"message":"\u001b[2mexpect(\u001b[22m\u001b[31mjest.fn()\u001b[39m\u001b[2m).\u001b[22mtoBeCalledTimes\u001b[2m(\u001b[22m\u001b[32mexpected\u001b[39m\u001b[2m)\u001b[22m\n\nExpected number of calls: \u001b[32m2\u001b[39m\nReceived number of calls: \u001b[31m0\u001b[39m","pass":false}}],"failureMessages":["Error: \u001b[2mexpect(\u001b[22m\u001b[31mjest.fn()\u001b[39m\u001b[2m).\u001b[22mtoBeCalledTimes\u001b[2m(\u001b[22m\u001b[32mexpected\u001b[39m\u001b[2m)\u001b[22m\n\nExpected number of calls: \u001b[32m2\u001b[39m\nReceived number of calls: \u001b[31m0\u001b[39m\n    at Object.<anonymous> (/Users/jon/Documents/NEU/Teaching/covey.town-private/frontend/src/components/Town/interactables/TicTacToe/TicTacToeArea.test.tsx:249:30)\n    at Promise.then.completed (/Users/jon/Documents/NEU/Teaching/covey.town-private/frontend/node_modules/jest-circus/build/utils.js:293:28)\n    at new Promise (<anonymous>)\n    at callAsyncCircusFn (/Users/jon/Documents/NEU/Teaching/covey.town-private/frontend/node_modules/jest-circus/build/utils.js:226:10)\n    at _callCircusTest (/Users/jon/Documents/NEU/Teaching/covey.town-private/frontend/node_modules/jest-circus/build/run.js:297:40)\n    at _runTest (/Users/jon/Documents/NEU/Teaching/covey.town-private/frontend/node_modules/jest-circus/build/run.js:233:3)\n    at _runTestsForDescribeBlock (/Users/jon/Documents/NEU/Teaching/covey.town-private/frontend/node_modules/jest-circus/build/run.js:135:9)\n    at _runTestsForDescribeBlock (/Users/jon/Documents/NEU/Teaching/covey.town-private/frontend/node_modules/jest-circus/build/run.js:130:9)\n    at _runTestsForDescribeBlock (/Users/jon/Documents/NEU/Teaching/covey.town-private/frontend/node_modules/jest-circus/build/run.js:130:9)\n    at run (/Users/jon/Documents/NEU/Teaching/covey.town-private/frontend/node_modules/jest-circus/build/run.js:68:3)\n    at runAndTransformResultsToJestFormat (/Users/jon/Documents/NEU/Teaching/covey.town-private/frontend/node_modules/jest-circus/build/legacy-code-todo-rewrite/jestAdapterInit.js:122:21)\n    at jestAdapter (/Users/jon/Documents/NEU/Teaching/covey.town-private/frontend/node_modules/jest-circus/build/legacy-code-todo-rewrite/jestAdapter.js:79:19)\n    at runTestInternal (/Users/jon/Documents/NEU/Teaching/covey.town-private/frontend/node_modules/jest-runner/build/runTest.js:367:16)\n    at runTest (/Users/jon/Documents/NEU/Teaching/covey.town-private/frontend/node_modules/jest-runner/build/runTest.js:444:34)"],"fullName":"[T2] TicTacToeArea [T2.1] Game update listeners Removes the listeners when the component is unmounted","invocations":1,"location":null,"numPassingAsserts":0,"retryReasons":[],"status":"failed","title":"Removes the listeners when the component is unmounted"},{"ancestorTitles":["[T2] TicTacToeArea","[T2.1] Game update listeners"],"duration":63,"failureDetails":[{"matcherResult":{"message":"\u001b[2mexpect(\u001b[22m\u001b[31mjest.fn()\u001b[39m\u001b[2m).\u001b[22mtoBeCalledTimes\u001b[2m(\u001b[22m\u001b[32mexpected\u001b[39m\u001b[2m)\u001b[22m\n\nExpected number of calls: \u001b[32m2\u001b[39m\nReceived number of calls: \u001b[31m0\u001b[39m","pass":false}}],"failureMessages":["Error: \u001b[2mexpect(\u001b[22m\u001b[31mjest.fn()\u001b[39m\u001b[2m).\u001b[22mtoBeCalledTimes\u001b[2m(\u001b[22m\u001b[32mexpected\u001b[39m\u001b[2m)\u001b[22m\n\nExpected number of calls: \u001b[32m2\u001b[39m\nReceived number of calls: \u001b[31m0\u001b[39m\n    at Object.<anonymous> (/Users/jon/Documents/NEU/Teaching/covey.town-private/frontend/src/components/Town/interactables/TicTacToe/TicTacToeArea.test.tsx:269:30)\n    at Promise.then.completed (/Users/jon/Documents/NEU/Teaching/covey.town-private/frontend/node_modules/jest-circus/build/utils.js:293:28)\n    at new Promise (<anonymous>)\n    at callAsyncCircusFn (/Users/jon/Documents/NEU/Teaching/covey.town-private/frontend/node_modules/jest-circus/build/utils.js:226:10)\n    at _callCircusTest (/Users/jon/Documents/NEU/Teaching/covey.town-private/frontend/node_modules/jest-circus/build/run.js:297:40)\n    at _runTest (/Users/jon/Documents/NEU/Teaching/covey.town-private/frontend/node_modules/jest-circus/build/run.js:233:3)\n    at _runTestsForDescribeBlock (/Users/jon/Documents/NEU/Teaching/covey.town-private/frontend/node_modules/jest-circus/build/run.js:135:9)\n    at _runTestsForDescribeBlock (/Users/jon/Documents/NEU/Teaching/covey.town-private/frontend/node_modules/jest-circus/build/run.js:130:9)\n    at _runTestsForDescribeBlock (/Users/jon/Documents/NEU/Teaching/covey.town-private/frontend/node_modules/jest-circus/build/run.js:130:9)\n    at run (/Users/jon/Documents/NEU/Teaching/covey.town-private/frontend/node_modules/jest-circus/build/run.js:68:3)\n    at runAndTransformResultsToJestFormat (/Users/jon/Documents/NEU/Teaching/covey.town-private/frontend/node_modules/jest-circus/build/legacy-code-todo-rewrite/jestAdapterInit.js:122:21)\n    at jestAdapter (/Users/jon/Documents/NEU/Teaching/covey.town-private/frontend/node_modules/jest-circus/build/legacy-code-todo-rewrite/jestAdapter.js:79:19)\n    at runTestInternal (/Users/jon/Documents/NEU/Teaching/covey.town-private/frontend/node_modules/jest-runner/build/runTest.js:367:16)\n    at runTest (/Users/jon/Documents/NEU/Teaching/covey.town-private/frontend/node_modules/jest-runner/build/runTest.js:444:34)"],"fullName":"[T2] TicTacToeArea [T2.1] Game update listeners Creates new listeners if the gameAreaController changes","invocations":1,"location":null,"numPassingAsserts":0,"retryReasons":[],"status":"failed","title":"Creates new listeners if the gameAreaController changes"},{"ancestorTitles":["[T2] TicTacToeArea","[T2.2] Rendering the leaderboard"],"duration":62,"failureDetails":[{"matcherResult":{"message":"\u001b[2mexpect(\u001b[22m\u001b[31mjest.fn()\u001b[39m\u001b[2m).\u001b[22mtoHaveBeenCalledWith\u001b[2m(\u001b[22m\u001b[32m...expected\u001b[39m\u001b[2m)\u001b[22m\n\nExpected: \u001b[32m{\"results\": [{\"gameID\": \"tQ5EhCrBP86fK0Vr5y1ms\", \"scores\": {\"1KitfCMxe_XOe_F-9pyK6\": 1, \"U_fXYNO6B3sMdFT9Xt5Zm\": 0}}]}\u001b[39m, \u001b[32m{}\u001b[39m\n\nNumber of calls: \u001b[31m0\u001b[39m","pass":false}}],"failureMessages":["Error: \u001b[2mexpect(\u001b[22m\u001b[31mjest.fn()\u001b[39m\u001b[2m).\u001b[22mtoHaveBeenCalledWith\u001b[2m(\u001b[22m\u001b[32m...expected\u001b[39m\u001b[2m)\u001b[22m\n\nExpected: \u001b[32m{\"results\": [{\"gameID\": \"tQ5EhCrBP86fK0Vr5y1ms\", \"scores\": {\"1KitfCMxe_XOe_F-9pyK6\": 1, \"U_fXYNO6B3sMdFT9Xt5Zm\": 0}}]}\u001b[39m, \u001b[32m{}\u001b[39m\n\nNumber of calls: \u001b[31m0\u001b[39m\n    at Object.<anonymous> (/Users/jon/Documents/NEU/Teaching/covey.town-private/frontend/src/components/Town/interactables/TicTacToe/TicTacToeArea.test.tsx:301:39)\n    at Promise.then.completed (/Users/jon/Documents/NEU/Teaching/covey.town-private/frontend/node_modules/jest-circus/build/utils.js:293:28)\n    at new Promise (<anonymous>)\n    at callAsyncCircusFn (/Users/jon/Documents/NEU/Teaching/covey.town-private/frontend/node_modules/jest-circus/build/utils.js:226:10)\n    at _callCircusTest (/Users/jon/Documents/NEU/Teaching/covey.town-private/frontend/node_modules/jest-circus/build/run.js:297:40)\n    at _runTest (/Users/jon/Documents/NEU/Teaching/covey.town-private/frontend/node_modules/jest-circus/build/run.js:233:3)\n    at _runTestsForDescribeBlock (/Users/jon/Documents/NEU/Teaching/covey.town-private/frontend/node_modules/jest-circus/build/run.js:135:9)\n    at _runTestsForDescribeBlock (/Users/jon/Documents/NEU/Teaching/covey.town-private/frontend/node_modules/jest-circus/build/run.js:130:9)\n    at _runTestsForDescribeBlock (/Users/jon/Documents/NEU/Teaching/covey.town-private/frontend/node_modules/jest-circus/build/run.js:130:9)\n    at run (/Users/jon/Documents/NEU/Teaching/covey.town-private/frontend/node_modules/jest-circus/build/run.js:68:3)\n    at runAndTransformResultsToJestFormat (/Users/jon/Documents/NEU/Teaching/covey.town-private/frontend/node_modules/jest-circus/build/legacy-code-todo-rewrite/jestAdapterInit.js:122:21)\n    at jestAdapter (/Users/jon/Documents/NEU/Teaching/covey.town-private/frontend/node_modules/jest-circus/build/legacy-code-todo-rewrite/jestAdapter.js:79:19)\n    at runTestInternal (/Users/jon/Documents/NEU/Teaching/covey.town-private/frontend/node_modules/jest-runner/build/runTest.js:367:16)\n    at runTest (/Users/jon/Documents/NEU/Teaching/covey.town-private/frontend/node_modules/jest-runner/build/runTest.js:444:34)"],"fullName":"[T2] TicTacToeArea [T2.2] Rendering the leaderboard Renders the leaderboard with the history when the component is mounted","invocations":1,"location":null,"numPassingAsserts":0,"retryReasons":[],"status":"failed","title":"Renders the leaderboard with the history when the component is mounted"},{"ancestorTitles":["[T2] TicTacToeArea","[T2.2] Rendering the leaderboard"],"duration":61,"failureDetails":[{"matcherResult":{"message":"\u001b[2mexpect(\u001b[22m\u001b[31mjest.fn()\u001b[39m\u001b[2m).\u001b[22mtoHaveBeenCalledWith\u001b[2m(\u001b[22m\u001b[32m...expected\u001b[39m\u001b[2m)\u001b[22m\n\nExpected: \u001b[32m{\"results\": [{\"gameID\": \"pjq8_3Hvdin7hh0hjFh7o\", \"scores\": {\"k6QOVHsCOpcA-mlDKpReU\": 1, \"ptCznr2B7Ej9N8wQb_DVy\": 0}}]}\u001b[39m, \u001b[32m{}\u001b[39m\n\nNumber of calls: \u001b[31m0\u001b[39m","pass":false}}],"failureMessages":["Error: \u001b[2mexpect(\u001b[22m\u001b[31mjest.fn()\u001b[39m\u001b[2m).\u001b[22mtoHaveBeenCalledWith\u001b[2m(\u001b[22m\u001b[32m...expected\u001b[39m\u001b[2m)\u001b[22m\n\nExpected: \u001b[32m{\"results\": [{\"gameID\": \"pjq8_3Hvdin7hh0hjFh7o\", \"scores\": {\"k6QOVHsCOpcA-mlDKpReU\": 1, \"ptCznr2B7Ej9N8wQb_DVy\": 0}}]}\u001b[39m, \u001b[32m{}\u001b[39m\n\nNumber of calls: \u001b[31m0\u001b[39m\n    at Object.<anonymous> (/Users/jon/Documents/NEU/Teaching/covey.town-private/frontend/src/components/Town/interactables/TicTacToe/TicTacToeArea.test.tsx:319:39)\n    at Promise.then.completed (/Users/jon/Documents/NEU/Teaching/covey.town-private/frontend/node_modules/jest-circus/build/utils.js:293:28)\n    at new Promise (<anonymous>)\n    at callAsyncCircusFn (/Users/jon/Documents/NEU/Teaching/covey.town-private/frontend/node_modules/jest-circus/build/utils.js:226:10)\n    at _callCircusTest (/Users/jon/Documents/NEU/Teaching/covey.town-private/frontend/node_modules/jest-circus/build/run.js:297:40)\n    at _runTest (/Users/jon/Documents/NEU/Teaching/covey.town-private/frontend/node_modules/jest-circus/build/run.js:233:3)\n    at _runTestsForDescribeBlock (/Users/jon/Documents/NEU/Teaching/covey.town-private/frontend/node_modules/jest-circus/build/run.js:135:9)\n    at _runTestsForDescribeBlock (/Users/jon/Documents/NEU/Teaching/covey.town-private/frontend/node_modules/jest-circus/build/run.js:130:9)\n    at _runTestsForDescribeBlock (/Users/jon/Documents/NEU/Teaching/covey.town-private/frontend/node_modules/jest-circus/build/run.js:130:9)\n    at run (/Users/jon/Documents/NEU/Teaching/covey.town-private/frontend/node_modules/jest-circus/build/run.js:68:3)\n    at runAndTransformResultsToJestFormat (/Users/jon/Documents/NEU/Teaching/covey.town-private/frontend/node_modules/jest-circus/build/legacy-code-todo-rewrite/jestAdapterInit.js:122:21)\n    at jestAdapter (/Users/jon/Documents/NEU/Teaching/covey.town-private/frontend/node_modules/jest-circus/build/legacy-code-todo-rewrite/jestAdapter.js:79:19)\n    at runTestInternal (/Users/jon/Documents/NEU/Teaching/covey.town-private/frontend/node_modules/jest-runner/build/runTest.js:367:16)\n    at runTest (/Users/jon/Documents/NEU/Teaching/covey.town-private/frontend/node_modules/jest-runner/build/runTest.js:444:34)"],"fullName":"[T2] TicTacToeArea [T2.2] Rendering the leaderboard Renders the leaderboard with the history when the game is updated","invocations":1,"location":null,"numPassingAsserts":0,"retryReasons":[],"status":"failed","title":"Renders the leaderboard with the history when the game is updated"},{"ancestorTitles":["[T2] TicTacToeArea","[T2.3] Join game button"],"duration":61,"failureDetails":[],"failureMessages":[],"fullName":"[T2] TicTacToeArea [T2.3] Join game button Is not shown when the player is in a not-yet-started game","invocations":1,"location":null,"numPassingAsserts":1,"retryReasons":[],"status":"passed","title":"Is not shown when the player is in a not-yet-started game"},{"ancestorTitles":["[T2] TicTacToeArea","[T2.3] Join game button"],"duration":60,"failureDetails":[],"failureMessages":[],"fullName":"[T2] TicTacToeArea [T2.3] Join game button Is not shown if the game is in progress","invocations":1,"location":null,"numPassingAsserts":1,"retryReasons":[],"status":"passed","title":"Is not shown if the game is in progress"},{"ancestorTitles":["[T2] TicTacToeArea","[T2.3] Join game button"],"duration":59,"failureDetails":[{"message":"\u001b[2mexpect(\u001b[22m\u001b[31mreceived\u001b[39m\u001b[2m).toBeInTheDocument()\u001b[22m\n\n\u001b[31mreceived\u001b[39m value must be an HTMLElement or an SVGElement.\nReceived has value: \u001b[31mnull\u001b[39m"}],"failureMessages":["Error: \u001b[2mexpect(\u001b[22m\u001b[31mreceived\u001b[39m\u001b[2m).toBeInTheDocument()\u001b[22m\n\n\u001b[31mreceived\u001b[39m value must be an HTMLElement or an SVGElement.\nReceived has value: \u001b[31mnull\u001b[39m\n    at __EXTERNAL_MATCHER_TRAP__ (/Users/jon/Documents/NEU/Teaching/covey.town-private/frontend/node_modules/expect/build/index.js:317:30)\n    at Object.throwingMatcher [as toBeInTheDocument] (/Users/jon/Documents/NEU/Teaching/covey.town-private/frontend/node_modules/expect/build/index.js:318:15)\n    at Object.<anonymous> (/Users/jon/Documents/NEU/Teaching/covey.town-private/frontend/src/components/Town/interactables/TicTacToe/TicTacToeArea.test.tsx:368:51)\n    at Promise.then.completed (/Users/jon/Documents/NEU/Teaching/covey.town-private/frontend/node_modules/jest-circus/build/utils.js:293:28)\n    at new Promise (<anonymous>)\n    at callAsyncCircusFn (/Users/jon/Documents/NEU/Teaching/covey.town-private/frontend/node_modules/jest-circus/build/utils.js:226:10)\n    at _callCircusTest (/Users/jon/Documents/NEU/Teaching/covey.town-private/frontend/node_modules/jest-circus/build/run.js:297:40)\n    at _runTest (/Users/jon/Documents/NEU/Teaching/covey.town-private/frontend/node_modules/jest-circus/build/run.js:233:3)\n    at _runTestsForDescribeBlock (/Users/jon/Documents/NEU/Teaching/covey.town-private/frontend/node_modules/jest-circus/build/run.js:135:9)\n    at _runTestsForDescribeBlock (/Users/jon/Documents/NEU/Teaching/covey.town-private/frontend/node_modules/jest-circus/build/run.js:130:9)\n    at _runTestsForDescribeBlock (/Users/jon/Documents/NEU/Teaching/covey.town-private/frontend/node_modules/jest-circus/build/run.js:130:9)\n    at run (/Users/jon/Documents/NEU/Teaching/covey.town-private/frontend/node_modules/jest-circus/build/run.js:68:3)\n    at runAndTransformResultsToJestFormat (/Users/jon/Documents/NEU/Teaching/covey.town-private/frontend/node_modules/jest-circus/build/legacy-code-todo-rewrite/jestAdapterInit.js:122:21)\n    at jestAdapter (/Users/jon/Documents/NEU/Teaching/covey.town-private/frontend/node_modules/jest-circus/build/legacy-code-todo-rewrite/jestAdapter.js:79:19)\n    at runTestInternal (/Users/jon/Documents/NEU/Teaching/covey.town-private/frontend/node_modules/jest-runner/build/runTest.js:367:16)\n    at runTest (/Users/jon/Documents/NEU/Teaching/covey.town-private/frontend/node_modules/jest-runner/build/runTest.js:444:34)"],"fullName":"[T2] TicTacToeArea [T2.3] Join game button Is enabled when the player is not in a game and the game is not in progress","invocations":1,"location":null,"numPassingAsserts":0,"retryReasons":[],"status":"failed","title":"Is enabled when the player is not in a game and the game is not in progress"},{"ancestorTitles":["[T2] TicTacToeArea","[T2.3] Join game button","When clicked"],"duration":64,"failureDetails":[{"name":"TestingLibraryElementError"}],"failureMessages":["TestingLibraryElementError: Unable to find an element with the text: Join New Game. This could be because the text is broken up by multiple elements. In this case, you can provide a function for your text matcher to make your matcher more flexible.\n\nIgnored nodes: comments, <script />, <style />\n\u001b[36m<body\u001b[39m\n  \u001b[33mclass\u001b[39m=\u001b[32m\"chakra-ui-light\"\u001b[39m\n\u001b[36m>\u001b[39m\n  \u001b[36m<div\u001b[39m\n    \u001b[33maria-hidden\u001b[39m=\u001b[32m\"true\"\u001b[39m\n    \u001b[33mdata-aria-hidden\u001b[39m=\u001b[32m\"true\"\u001b[39m\n    \u001b[33mid\u001b[39m=\u001b[32m\"chakra-toast-portal\"\u001b[39m\n  \u001b[36m>\u001b[39m\n    \u001b[36m<ul\u001b[39m\n      \u001b[33mid\u001b[39m=\u001b[32m\"chakra-toast-manager-top\"\u001b[39m\n      \u001b[33mstyle\u001b[39m=\u001b[32m\"position: fixed; z-index: 5500; pointer-events: none; display: flex; flex-direction: column; margin: 0px auto;\"\u001b[39m\n    \u001b[36m/>\u001b[39m\n    \u001b[36m<ul\u001b[39m\n      \u001b[33mid\u001b[39m=\u001b[32m\"chakra-toast-manager-top-left\"\u001b[39m\n      \u001b[33mstyle\u001b[39m=\u001b[32m\"position: fixed; z-index: 5500; pointer-events: none; display: flex; flex-direction: column;\"\u001b[39m\n    \u001b[36m/>\u001b[39m\n    \u001b[36m<ul\u001b[39m\n      \u001b[33mid\u001b[39m=\u001b[32m\"chakra-toast-manager-top-right\"\u001b[39m\n      \u001b[33mstyle\u001b[39m=\u001b[32m\"position: fixed; z-index: 5500; pointer-events: none; display: flex; flex-direction: column;\"\u001b[39m\n    \u001b[36m/>\u001b[39m\n    \u001b[36m<ul\u001b[39m\n      \u001b[33mid\u001b[39m=\u001b[32m\"chakra-toast-manager-bottom-left\"\u001b[39m\n      \u001b[33mstyle\u001b[39m=\u001b[32m\"position: fixed; z-index: 5500; pointer-events: none; display: flex; flex-direction: column;\"\u001b[39m\n    \u001b[36m/>\u001b[39m\n    \u001b[36m<ul\u001b[39m\n      \u001b[33mid\u001b[39m=\u001b[32m\"chakra-toast-manager-bottom\"\u001b[39m\n      \u001b[33mstyle\u001b[39m=\u001b[32m\"position: fixed; z-index: 5500; pointer-events: none; display: flex; flex-direction: column; margin: 0px auto;\"\u001b[39m\n    \u001b[36m/>\u001b[39m\n    \u001b[36m<ul\u001b[39m\n      \u001b[33mid\u001b[39m=\u001b[32m\"chakra-toast-manager-bottom-right\"\u001b[39m\n      \u001b[33mstyle\u001b[39m=\u001b[32m\"position: fixed; z-index: 5500; pointer-events: none; display: flex; flex-direction: column;\"\u001b[39m\n    \u001b[36m/>\u001b[39m\n  \u001b[36m</div>\u001b[39m\n  \u001b[36m<div\u001b[39m\n    \u001b[33maria-hidden\u001b[39m=\u001b[32m\"true\"\u001b[39m\n    \u001b[33mdata-aria-hidden\u001b[39m=\u001b[32m\"true\"\u001b[39m\n  \u001b[36m/>\u001b[39m\n  \u001b[36m<div\u001b[39m\n    \u001b[33mclass\u001b[39m=\u001b[32m\"chakra-portal\"\u001b[39m\n  \u001b[36m>\u001b[39m\n    \u001b[36m<div\u001b[39m\n      \u001b[33maria-hidden\u001b[39m=\u001b[32m\"true\"\u001b[39m\n      \u001b[33mclass\u001b[39m=\u001b[32m\"chakra-modal__overlay css-hdd9l7\"\u001b[39m\n      \u001b[33mdata-aria-hidden\u001b[39m=\u001b[32m\"true\"\u001b[39m\n      \u001b[33mstyle\u001b[39m=\u001b[32m\"opacity: 0;\"\u001b[39m\n    \u001b[36m/>\u001b[39m\n    \u001b[36m<div\u001b[39m\n      \u001b[33maria-hidden\u001b[39m=\u001b[32m\"true\"\u001b[39m\n      \u001b[33mdata-aria-hidden\u001b[39m=\u001b[32m\"true\"\u001b[39m\n      \u001b[33mdata-focus-guard\u001b[39m=\u001b[32m\"true\"\u001b[39m\n      \u001b[33mstyle\u001b[39m=\u001b[32m\"width: 1px; height: 0px; padding: 0px; overflow: hidden; position: fixed; top: 1px; left: 1px;\"\u001b[39m\n      \u001b[33mtabindex\u001b[39m=\u001b[32m\"0\"\u001b[39m\n    \u001b[36m/>\u001b[39m\n    \u001b[36m<div\u001b[39m\n      \u001b[33maria-hidden\u001b[39m=\u001b[32m\"true\"\u001b[39m\n      \u001b[33mdata-aria-hidden\u001b[39m=\u001b[32m\"true\"\u001b[39m\n      \u001b[33mdata-focus-guard\u001b[39m=\u001b[32m\"true\"\u001b[39m\n      \u001b[33mstyle\u001b[39m=\u001b[32m\"width: 1px; height: 0px; padding: 0px; overflow: hidden; position: fixed; top: 1px; left: 1px;\"\u001b[39m\n      \u001b[33mtabindex\u001b[39m=\u001b[32m\"1\"\u001b[39m\n    \u001b[36m/>\u001b[39m\n    \u001b[36m<div\u001b[39m\n      \u001b[33mdata-focus-lock-disabled\u001b[39m=\u001b[32m\"false\"\u001b[39m\n    \u001b[36m>\u001b[39m\n      \u001b[36m<div\u001b[39m\n        \u001b[33mclass\u001b[39m=\u001b[32m\"chakra-modal__content-container css-v9b9hc\"\u001b[39m\n        \u001b[33mtabindex\u001b[39m=\u001b[32m\"-1\"\u001b[39m\n      \u001b[36m>\u001b[39m\n        \u001b[36m<section\u001b[39m\n          \u001b[33maria-labelledby\u001b[39m=\u001b[32m\"chakra-modal--header-1\"\u001b[39m\n          \u001b[33maria-modal\u001b[39m=\u001b[32m\"true\"\u001b[39m\n          \u001b[33mclass\u001b[39m=\u001b[32m\"chakra-modal__content css-hxtskf\"\u001b[39m\n          \u001b[33mid\u001b[39m=\u001b[32m\"chakra-modal-1\"\u001b[39m\n          \u001b[33mrole\u001b[39m=\u001b[32m\"dialog\"\u001b[39m\n          \u001b[33mstyle\u001b[39m=\u001b[32m\"opacity: 0; transform: scale(0.95) translateZ(0);\"\u001b[39m\n          \u001b[33mtabindex\u001b[39m=\u001b[32m\"-1\"\u001b[39m\n        \u001b[36m>\u001b[39m\n          \u001b[36m<header\u001b[39m\n            \u001b[33mclass\u001b[39m=\u001b[32m\"chakra-modal__header css-9fgtzh\"\u001b[39m\n            \u001b[33mid\u001b[39m=\u001b[32m\"chakra-modal--header-1\"\u001b[39m\n          \u001b[36m>\u001b[39m\n            \u001b[0mUupZyiwGAp1mDSsc64F04\u001b[0m\n          \u001b[36m</header>\u001b[39m\n          \u001b[36m<button\u001b[39m\n            \u001b[33maria-label\u001b[39m=\u001b[32m\"Close\"\u001b[39m\n            \u001b[33mclass\u001b[39m=\u001b[32m\"chakra-modal__close-btn css-1iqbypn\"\u001b[39m\n            \u001b[33mtype\u001b[39m=\u001b[32m\"button\"\u001b[39m\n          \u001b[36m>\u001b[39m\n            \u001b[36m<svg\u001b[39m\n              \u001b[33maria-hidden\u001b[39m=\u001b[32m\"true\"\u001b[39m\n              \u001b[33mclass\u001b[39m=\u001b[32m\"chakra-icon css-onkibi\"\u001b[39m\n              \u001b[33mfocusable\u001b[39m=\u001b[32m\"false\"\u001b[39m\n              \u001b[33mviewBox\u001b[39m=\u001b[32m\"0 0 24 24\"\u001b[39m\n            \u001b[36m>\u001b[39m\n              \u001b[36m<path\u001b[39m\n                \u001b[33md\u001b[39m=\u001b[32m\"M.439,21.44a1.5,1.5,0,0,0,2.122,2.121L11.823,14.3a.25.25,0,0,1,.354,0l9.262,9.263a1.5,1.5,0,1,0,2.122-2.121L14.3,12.177a.25.25,0,0,1,0-.354l9.263-9.262A1.5,1.5,0,0,0,21.439.44L12.177,9.7a.25.25,0,0,1-.354,0L2.561.44A1.5,1.5,0,0,0,.439,2.561L9.7,11.823a.25.25,0,0,1,0,.354Z\"\u001b[39m\n                \u001b[33mfill\u001b[39m=\u001b[32m\"currentColor\"\u001b[39m\n              \u001b[36m/>\u001b[39m\n            \u001b[36m</svg>\u001b[39m\n          \u001b[36m</button>\u001b[39m\n          \u001b[0mWAITING_TO_START\u001b[0m\n          \u001b[0m;\u001b[0m\n        \u001b[36m</section>\u001b[39m\n      \u001b[36m</div>\u001b[39m\n    \u001b[36m</div>\u001b[39m\n    \u001b[36m<div\u001b[39m\n      \u001b[33maria-hidden\u001b[39m=\u001b[32m\"true\"\u001b[39m\n      \u001b[33mdata-aria-hidden\u001b[39m=\u001b[32m\"true\"\u001b[39m\n      \u001b[33mdata-focus-guard\u001b[39m=\u001b[32m\"true\"\u001b[39m\n      \u001b[33mstyle\u001b[39m=\u001b[32m\"width: 1px; height: 0px; padding: 0px; overflow: hidden; position: fixed; top: 1px; left: 1px;\"\u001b[39m\n      \u001b[33mtabindex\u001b[39m=\u001b[32m\"0\"\u001b[39m\n    \u001b[36m/>\u001b[39m\n  \u001b[36m</div>\u001b[39m\n\u001b[36m</body>\u001b[39m\n    at Object.getElementError (/Users/jon/Documents/NEU/Teaching/covey.town-private/frontend/node_modules/@testing-library/dom/dist/config.js:40:19)\n    at /Users/jon/Documents/NEU/Teaching/covey.town-private/frontend/node_modules/@testing-library/dom/dist/query-helpers.js:90:38\n    at /Users/jon/Documents/NEU/Teaching/covey.town-private/frontend/node_modules/@testing-library/dom/dist/query-helpers.js:62:17\n    at /Users/jon/Documents/NEU/Teaching/covey.town-private/frontend/node_modules/@testing-library/dom/dist/query-helpers.js:111:19\n    at Object.<anonymous> (/Users/jon/Documents/NEU/Teaching/covey.town-private/frontend/src/components/Town/interactables/TicTacToe/TicTacToeArea.test.tsx:375:31)\n    at Promise.then.completed (/Users/jon/Documents/NEU/Teaching/covey.town-private/frontend/node_modules/jest-circus/build/utils.js:293:28)\n    at new Promise (<anonymous>)\n    at callAsyncCircusFn (/Users/jon/Documents/NEU/Teaching/covey.town-private/frontend/node_modules/jest-circus/build/utils.js:226:10)\n    at _callCircusTest (/Users/jon/Documents/NEU/Teaching/covey.town-private/frontend/node_modules/jest-circus/build/run.js:297:40)\n    at _runTest (/Users/jon/Documents/NEU/Teaching/covey.town-private/frontend/node_modules/jest-circus/build/run.js:233:3)\n    at _runTestsForDescribeBlock (/Users/jon/Documents/NEU/Teaching/covey.town-private/frontend/node_modules/jest-circus/build/run.js:135:9)\n    at _runTestsForDescribeBlock (/Users/jon/Documents/NEU/Teaching/covey.town-private/frontend/node_modules/jest-circus/build/run.js:130:9)\n    at _runTestsForDescribeBlock (/Users/jon/Documents/NEU/Teaching/covey.town-private/frontend/node_modules/jest-circus/build/run.js:130:9)\n    at _runTestsForDescribeBlock (/Users/jon/Documents/NEU/Teaching/covey.town-private/frontend/node_modules/jest-circus/build/run.js:130:9)\n    at run (/Users/jon/Documents/NEU/Teaching/covey.town-private/frontend/node_modules/jest-circus/build/run.js:68:3)\n    at runAndTransformResultsToJestFormat (/Users/jon/Documents/NEU/Teaching/covey.town-private/frontend/node_modules/jest-circus/build/legacy-code-todo-rewrite/jestAdapterInit.js:122:21)\n    at jestAdapter (/Users/jon/Documents/NEU/Teaching/covey.town-private/frontend/node_modules/jest-circus/build/legacy-code-todo-rewrite/jestAdapter.js:79:19)\n    at runTestInternal (/Users/jon/Documents/NEU/Teaching/covey.town-private/frontend/node_modules/jest-runner/build/runTest.js:367:16)\n    at runTest (/Users/jon/Documents/NEU/Teaching/covey.town-private/frontend/node_modules/jest-runner/build/runTest.js:444:34)"],"fullName":"[T2] TicTacToeArea [T2.3] Join game button When clicked Calls joinGame on the gameAreaController","invocations":1,"location":null,"numPassingAsserts":0,"retryReasons":[],"status":"failed","title":"Calls joinGame on the gameAreaController"},{"ancestorTitles":["[T2] TicTacToeArea","[T2.3] Join game button","When clicked"],"duration":60,"failureDetails":[{"name":"TestingLibraryElementError"}],"failureMessages":["TestingLibraryElementError: Unable to find an element with the text: Join New Game. This could be because the text is broken up by multiple elements. In this case, you can provide a function for your text matcher to make your matcher more flexible.\n\nIgnored nodes: comments, <script />, <style />\n\u001b[36m<body\u001b[39m\n  \u001b[33mclass\u001b[39m=\u001b[32m\"chakra-ui-light\"\u001b[39m\n\u001b[36m>\u001b[39m\n  \u001b[36m<div\u001b[39m\n    \u001b[33maria-hidden\u001b[39m=\u001b[32m\"true\"\u001b[39m\n    \u001b[33mdata-aria-hidden\u001b[39m=\u001b[32m\"true\"\u001b[39m\n    \u001b[33mid\u001b[39m=\u001b[32m\"chakra-toast-portal\"\u001b[39m\n  \u001b[36m>\u001b[39m\n    \u001b[36m<ul\u001b[39m\n      \u001b[33mid\u001b[39m=\u001b[32m\"chakra-toast-manager-top\"\u001b[39m\n      \u001b[33mstyle\u001b[39m=\u001b[32m\"position: fixed; z-index: 5500; pointer-events: none; display: flex; flex-direction: column; margin: 0px auto;\"\u001b[39m\n    \u001b[36m/>\u001b[39m\n    \u001b[36m<ul\u001b[39m\n      \u001b[33mid\u001b[39m=\u001b[32m\"chakra-toast-manager-top-left\"\u001b[39m\n      \u001b[33mstyle\u001b[39m=\u001b[32m\"position: fixed; z-index: 5500; pointer-events: none; display: flex; flex-direction: column;\"\u001b[39m\n    \u001b[36m/>\u001b[39m\n    \u001b[36m<ul\u001b[39m\n      \u001b[33mid\u001b[39m=\u001b[32m\"chakra-toast-manager-top-right\"\u001b[39m\n      \u001b[33mstyle\u001b[39m=\u001b[32m\"position: fixed; z-index: 5500; pointer-events: none; display: flex; flex-direction: column;\"\u001b[39m\n    \u001b[36m/>\u001b[39m\n    \u001b[36m<ul\u001b[39m\n      \u001b[33mid\u001b[39m=\u001b[32m\"chakra-toast-manager-bottom-left\"\u001b[39m\n      \u001b[33mstyle\u001b[39m=\u001b[32m\"position: fixed; z-index: 5500; pointer-events: none; display: flex; flex-direction: column;\"\u001b[39m\n    \u001b[36m/>\u001b[39m\n    \u001b[36m<ul\u001b[39m\n      \u001b[33mid\u001b[39m=\u001b[32m\"chakra-toast-manager-bottom\"\u001b[39m\n      \u001b[33mstyle\u001b[39m=\u001b[32m\"position: fixed; z-index: 5500; pointer-events: none; display: flex; flex-direction: column; margin: 0px auto;\"\u001b[39m\n    \u001b[36m/>\u001b[39m\n    \u001b[36m<ul\u001b[39m\n      \u001b[33mid\u001b[39m=\u001b[32m\"chakra-toast-manager-bottom-right\"\u001b[39m\n      \u001b[33mstyle\u001b[39m=\u001b[32m\"position: fixed; z-index: 5500; pointer-events: none; display: flex; flex-direction: column;\"\u001b[39m\n    \u001b[36m/>\u001b[39m\n  \u001b[36m</div>\u001b[39m\n  \u001b[36m<div\u001b[39m\n    \u001b[33maria-hidden\u001b[39m=\u001b[32m\"true\"\u001b[39m\n    \u001b[33mdata-aria-hidden\u001b[39m=\u001b[32m\"true\"\u001b[39m\n  \u001b[36m/>\u001b[39m\n  \u001b[36m<div\u001b[39m\n    \u001b[33mclass\u001b[39m=\u001b[32m\"chakra-portal\"\u001b[39m\n  \u001b[36m>\u001b[39m\n    \u001b[36m<div\u001b[39m\n      \u001b[33maria-hidden\u001b[39m=\u001b[32m\"true\"\u001b[39m\n      \u001b[33mclass\u001b[39m=\u001b[32m\"chakra-modal__overlay css-hdd9l7\"\u001b[39m\n      \u001b[33mdata-aria-hidden\u001b[39m=\u001b[32m\"true\"\u001b[39m\n      \u001b[33mstyle\u001b[39m=\u001b[32m\"opacity: 0;\"\u001b[39m\n    \u001b[36m/>\u001b[39m\n    \u001b[36m<div\u001b[39m\n      \u001b[33maria-hidden\u001b[39m=\u001b[32m\"true\"\u001b[39m\n      \u001b[33mdata-aria-hidden\u001b[39m=\u001b[32m\"true\"\u001b[39m\n      \u001b[33mdata-focus-guard\u001b[39m=\u001b[32m\"true\"\u001b[39m\n      \u001b[33mstyle\u001b[39m=\u001b[32m\"width: 1px; height: 0px; padding: 0px; overflow: hidden; position: fixed; top: 1px; left: 1px;\"\u001b[39m\n      \u001b[33mtabindex\u001b[39m=\u001b[32m\"0\"\u001b[39m\n    \u001b[36m/>\u001b[39m\n    \u001b[36m<div\u001b[39m\n      \u001b[33maria-hidden\u001b[39m=\u001b[32m\"true\"\u001b[39m\n      \u001b[33mdata-aria-hidden\u001b[39m=\u001b[32m\"true\"\u001b[39m\n      \u001b[33mdata-focus-guard\u001b[39m=\u001b[32m\"true\"\u001b[39m\n      \u001b[33mstyle\u001b[39m=\u001b[32m\"width: 1px; height: 0px; padding: 0px; overflow: hidden; position: fixed; top: 1px; left: 1px;\"\u001b[39m\n      \u001b[33mtabindex\u001b[39m=\u001b[32m\"1\"\u001b[39m\n    \u001b[36m/>\u001b[39m\n    \u001b[36m<div\u001b[39m\n      \u001b[33mdata-focus-lock-disabled\u001b[39m=\u001b[32m\"false\"\u001b[39m\n    \u001b[36m>\u001b[39m\n      \u001b[36m<div\u001b[39m\n        \u001b[33mclass\u001b[39m=\u001b[32m\"chakra-modal__content-container css-v9b9hc\"\u001b[39m\n        \u001b[33mtabindex\u001b[39m=\u001b[32m\"-1\"\u001b[39m\n      \u001b[36m>\u001b[39m\n        \u001b[36m<section\u001b[39m\n          \u001b[33maria-labelledby\u001b[39m=\u001b[32m\"chakra-modal--header-1\"\u001b[39m\n          \u001b[33maria-modal\u001b[39m=\u001b[32m\"true\"\u001b[39m\n          \u001b[33mclass\u001b[39m=\u001b[32m\"chakra-modal__content css-hxtskf\"\u001b[39m\n          \u001b[33mid\u001b[39m=\u001b[32m\"chakra-modal-1\"\u001b[39m\n          \u001b[33mrole\u001b[39m=\u001b[32m\"dialog\"\u001b[39m\n          \u001b[33mstyle\u001b[39m=\u001b[32m\"opacity: 0; transform: scale(0.95) translateZ(0);\"\u001b[39m\n          \u001b[33mtabindex\u001b[39m=\u001b[32m\"-1\"\u001b[39m\n        \u001b[36m>\u001b[39m\n          \u001b[36m<header\u001b[39m\n            \u001b[33mclass\u001b[39m=\u001b[32m\"chakra-modal__header css-9fgtzh\"\u001b[39m\n            \u001b[33mid\u001b[39m=\u001b[32m\"chakra-modal--header-1\"\u001b[39m\n          \u001b[36m>\u001b[39m\n            \u001b[0ms9Gf127OI_v_AwJLp1E-A\u001b[0m\n          \u001b[36m</header>\u001b[39m\n          \u001b[36m<button\u001b[39m\n            \u001b[33maria-label\u001b[39m=\u001b[32m\"Close\"\u001b[39m\n            \u001b[33mclass\u001b[39m=\u001b[32m\"chakra-modal__close-btn css-1iqbypn\"\u001b[39m\n            \u001b[33mtype\u001b[39m=\u001b[32m\"button\"\u001b[39m\n          \u001b[36m>\u001b[39m\n            \u001b[36m<svg\u001b[39m\n              \u001b[33maria-hidden\u001b[39m=\u001b[32m\"true\"\u001b[39m\n              \u001b[33mclass\u001b[39m=\u001b[32m\"chakra-icon css-onkibi\"\u001b[39m\n              \u001b[33mfocusable\u001b[39m=\u001b[32m\"false\"\u001b[39m\n              \u001b[33mviewBox\u001b[39m=\u001b[32m\"0 0 24 24\"\u001b[39m\n            \u001b[36m>\u001b[39m\n              \u001b[36m<path\u001b[39m\n                \u001b[33md\u001b[39m=\u001b[32m\"M.439,21.44a1.5,1.5,0,0,0,2.122,2.121L11.823,14.3a.25.25,0,0,1,.354,0l9.262,9.263a1.5,1.5,0,1,0,2.122-2.121L14.3,12.177a.25.25,0,0,1,0-.354l9.263-9.262A1.5,1.5,0,0,0,21.439.44L12.177,9.7a.25.25,0,0,1-.354,0L2.561.44A1.5,1.5,0,0,0,.439,2.561L9.7,11.823a.25.25,0,0,1,0,.354Z\"\u001b[39m\n                \u001b[33mfill\u001b[39m=\u001b[32m\"currentColor\"\u001b[39m\n              \u001b[36m/>\u001b[39m\n            \u001b[36m</svg>\u001b[39m\n          \u001b[36m</button>\u001b[39m\n          \u001b[0mWAITING_TO_START\u001b[0m\n          \u001b[0m;\u001b[0m\n        \u001b[36m</section>\u001b[39m\n      \u001b[36m</div>\u001b[39m\n    \u001b[36m</div>\u001b[39m\n    \u001b[36m<div\u001b[39m\n      \u001b[33maria-hidden\u001b[39m=\u001b[32m\"true\"\u001b[39m\n      \u001b[33mdata-aria-hidden\u001b[39m=\u001b[32m\"true\"\u001b[39m\n      \u001b[33mdata-focus-guard\u001b[39m=\u001b[32m\"true\"\u001b[39m\n      \u001b[33mstyle\u001b[39m=\u001b[32m\"width: 1px; height: 0px; padding: 0px; overflow: hidden; position: fixed; top: 1px; left: 1px;\"\u001b[39m\n      \u001b[33mtabindex\u001b[39m=\u001b[32m\"0\"\u001b[39m\n    \u001b[36m/>\u001b[39m\n  \u001b[36m</div>\u001b[39m\n\u001b[36m</body>\u001b[39m\n    at Object.getElementError (/Users/jon/Documents/NEU/Teaching/covey.town-private/frontend/node_modules/@testing-library/dom/dist/config.js:40:19)\n    at /Users/jon/Documents/NEU/Teaching/covey.town-private/frontend/node_modules/@testing-library/dom/dist/query-helpers.js:90:38\n    at /Users/jon/Documents/NEU/Teaching/covey.town-private/frontend/node_modules/@testing-library/dom/dist/query-helpers.js:62:17\n    at /Users/jon/Documents/NEU/Teaching/covey.town-private/frontend/node_modules/@testing-library/dom/dist/query-helpers.js:111:19\n    at /Users/jon/Documents/NEU/Teaching/covey.town-private/frontend/src/components/Town/interactables/TicTacToe/TicTacToeArea.test.tsx:384:31\n    at Generator.next (<anonymous>)\n    at /Users/jon/Documents/NEU/Teaching/covey.town-private/frontend/src/components/Town/interactables/TicTacToe/TicTacToeArea.test.tsx:31:71\n    at new Promise (<anonymous>)\n    at Object.<anonymous>.__awaiter (/Users/jon/Documents/NEU/Teaching/covey.town-private/frontend/src/components/Town/interactables/TicTacToe/TicTacToeArea.test.tsx:27:12)\n    at Object.<anonymous> (/Users/jon/Documents/NEU/Teaching/covey.town-private/frontend/src/components/Town/interactables/TicTacToe/TicTacToeArea.test.tsx:379:102)\n    at Promise.then.completed (/Users/jon/Documents/NEU/Teaching/covey.town-private/frontend/node_modules/jest-circus/build/utils.js:293:28)\n    at new Promise (<anonymous>)\n    at callAsyncCircusFn (/Users/jon/Documents/NEU/Teaching/covey.town-private/frontend/node_modules/jest-circus/build/utils.js:226:10)\n    at _callCircusTest (/Users/jon/Documents/NEU/Teaching/covey.town-private/frontend/node_modules/jest-circus/build/run.js:297:40)\n    at _runTest (/Users/jon/Documents/NEU/Teaching/covey.town-private/frontend/node_modules/jest-circus/build/run.js:233:3)\n    at _runTestsForDescribeBlock (/Users/jon/Documents/NEU/Teaching/covey.town-private/frontend/node_modules/jest-circus/build/run.js:135:9)\n    at _runTestsForDescribeBlock (/Users/jon/Documents/NEU/Teaching/covey.town-private/frontend/node_modules/jest-circus/build/run.js:130:9)\n    at _runTestsForDescribeBlock (/Users/jon/Documents/NEU/Teaching/covey.town-private/frontend/node_modules/jest-circus/build/run.js:130:9)\n    at _runTestsForDescribeBlock (/Users/jon/Documents/NEU/Teaching/covey.town-private/frontend/node_modules/jest-circus/build/run.js:130:9)\n    at run (/Users/jon/Documents/NEU/Teaching/covey.town-private/frontend/node_modules/jest-circus/build/run.js:68:3)\n    at runAndTransformResultsToJestFormat (/Users/jon/Documents/NEU/Teaching/covey.town-private/frontend/node_modules/jest-circus/build/legacy-code-todo-rewrite/jestAdapterInit.js:122:21)\n    at jestAdapter (/Users/jon/Documents/NEU/Teaching/covey.town-private/frontend/node_modules/jest-circus/build/legacy-code-todo-rewrite/jestAdapter.js:79:19)\n    at runTestInternal (/Users/jon/Documents/NEU/Teaching/covey.town-private/frontend/node_modules/jest-runner/build/runTest.js:367:16)\n    at runTest (/Users/jon/Documents/NEU/Teaching/covey.town-private/frontend/node_modules/jest-runner/build/runTest.js:444:34)"],"fullName":"[T2] TicTacToeArea [T2.3] Join game button When clicked Displays a toast with the error message if there is an error joining the game","invocations":1,"location":null,"numPassingAsserts":0,"retryReasons":[],"status":"failed","title":"Displays a toast with the error message if there is an error joining the game"},{"ancestorTitles":["[T2] TicTacToeArea","[T2.3] Join game button","When clicked"],"duration":58,"failureDetails":[{"name":"TestingLibraryElementError"}],"failureMessages":["TestingLibraryElementError: Unable to find an element with the text: Join New Game. This could be because the text is broken up by multiple elements. In this case, you can provide a function for your text matcher to make your matcher more flexible.\n\nIgnored nodes: comments, <script />, <style />\n\u001b[36m<body\u001b[39m\n  \u001b[33mclass\u001b[39m=\u001b[32m\"chakra-ui-light\"\u001b[39m\n\u001b[36m>\u001b[39m\n  \u001b[36m<div\u001b[39m\n    \u001b[33maria-hidden\u001b[39m=\u001b[32m\"true\"\u001b[39m\n    \u001b[33mdata-aria-hidden\u001b[39m=\u001b[32m\"true\"\u001b[39m\n    \u001b[33mid\u001b[39m=\u001b[32m\"chakra-toast-portal\"\u001b[39m\n  \u001b[36m>\u001b[39m\n    \u001b[36m<ul\u001b[39m\n      \u001b[33mid\u001b[39m=\u001b[32m\"chakra-toast-manager-top\"\u001b[39m\n      \u001b[33mstyle\u001b[39m=\u001b[32m\"position: fixed; z-index: 5500; pointer-events: none; display: flex; flex-direction: column; margin: 0px auto;\"\u001b[39m\n    \u001b[36m/>\u001b[39m\n    \u001b[36m<ul\u001b[39m\n      \u001b[33mid\u001b[39m=\u001b[32m\"chakra-toast-manager-top-left\"\u001b[39m\n      \u001b[33mstyle\u001b[39m=\u001b[32m\"position: fixed; z-index: 5500; pointer-events: none; display: flex; flex-direction: column;\"\u001b[39m\n    \u001b[36m/>\u001b[39m\n    \u001b[36m<ul\u001b[39m\n      \u001b[33mid\u001b[39m=\u001b[32m\"chakra-toast-manager-top-right\"\u001b[39m\n      \u001b[33mstyle\u001b[39m=\u001b[32m\"position: fixed; z-index: 5500; pointer-events: none; display: flex; flex-direction: column;\"\u001b[39m\n    \u001b[36m/>\u001b[39m\n    \u001b[36m<ul\u001b[39m\n      \u001b[33mid\u001b[39m=\u001b[32m\"chakra-toast-manager-bottom-left\"\u001b[39m\n      \u001b[33mstyle\u001b[39m=\u001b[32m\"position: fixed; z-index: 5500; pointer-events: none; display: flex; flex-direction: column;\"\u001b[39m\n    \u001b[36m/>\u001b[39m\n    \u001b[36m<ul\u001b[39m\n      \u001b[33mid\u001b[39m=\u001b[32m\"chakra-toast-manager-bottom\"\u001b[39m\n      \u001b[33mstyle\u001b[39m=\u001b[32m\"position: fixed; z-index: 5500; pointer-events: none; display: flex; flex-direction: column; margin: 0px auto;\"\u001b[39m\n    \u001b[36m/>\u001b[39m\n    \u001b[36m<ul\u001b[39m\n      \u001b[33mid\u001b[39m=\u001b[32m\"chakra-toast-manager-bottom-right\"\u001b[39m\n      \u001b[33mstyle\u001b[39m=\u001b[32m\"position: fixed; z-index: 5500; pointer-events: none; display: flex; flex-direction: column;\"\u001b[39m\n    \u001b[36m/>\u001b[39m\n  \u001b[36m</div>\u001b[39m\n  \u001b[36m<div\u001b[39m\n    \u001b[33maria-hidden\u001b[39m=\u001b[32m\"true\"\u001b[39m\n    \u001b[33mdata-aria-hidden\u001b[39m=\u001b[32m\"true\"\u001b[39m\n  \u001b[36m/>\u001b[39m\n  \u001b[36m<div\u001b[39m\n    \u001b[33mclass\u001b[39m=\u001b[32m\"chakra-portal\"\u001b[39m\n  \u001b[36m>\u001b[39m\n    \u001b[36m<div\u001b[39m\n      \u001b[33maria-hidden\u001b[39m=\u001b[32m\"true\"\u001b[39m\n      \u001b[33mclass\u001b[39m=\u001b[32m\"chakra-modal__overlay css-hdd9l7\"\u001b[39m\n      \u001b[33mdata-aria-hidden\u001b[39m=\u001b[32m\"true\"\u001b[39m\n      \u001b[33mstyle\u001b[39m=\u001b[32m\"opacity: 0;\"\u001b[39m\n    \u001b[36m/>\u001b[39m\n    \u001b[36m<div\u001b[39m\n      \u001b[33maria-hidden\u001b[39m=\u001b[32m\"true\"\u001b[39m\n      \u001b[33mdata-aria-hidden\u001b[39m=\u001b[32m\"true\"\u001b[39m\n      \u001b[33mdata-focus-guard\u001b[39m=\u001b[32m\"true\"\u001b[39m\n      \u001b[33mstyle\u001b[39m=\u001b[32m\"width: 1px; height: 0px; padding: 0px; overflow: hidden; position: fixed; top: 1px; left: 1px;\"\u001b[39m\n      \u001b[33mtabindex\u001b[39m=\u001b[32m\"0\"\u001b[39m\n    \u001b[36m/>\u001b[39m\n    \u001b[36m<div\u001b[39m\n      \u001b[33maria-hidden\u001b[39m=\u001b[32m\"true\"\u001b[39m\n      \u001b[33mdata-aria-hidden\u001b[39m=\u001b[32m\"true\"\u001b[39m\n      \u001b[33mdata-focus-guard\u001b[39m=\u001b[32m\"true\"\u001b[39m\n      \u001b[33mstyle\u001b[39m=\u001b[32m\"width: 1px; height: 0px; padding: 0px; overflow: hidden; position: fixed; top: 1px; left: 1px;\"\u001b[39m\n      \u001b[33mtabindex\u001b[39m=\u001b[32m\"1\"\u001b[39m\n    \u001b[36m/>\u001b[39m\n    \u001b[36m<div\u001b[39m\n      \u001b[33mdata-focus-lock-disabled\u001b[39m=\u001b[32m\"false\"\u001b[39m\n    \u001b[36m>\u001b[39m\n      \u001b[36m<div\u001b[39m\n        \u001b[33mclass\u001b[39m=\u001b[32m\"chakra-modal__content-container css-v9b9hc\"\u001b[39m\n        \u001b[33mtabindex\u001b[39m=\u001b[32m\"-1\"\u001b[39m\n      \u001b[36m>\u001b[39m\n        \u001b[36m<section\u001b[39m\n          \u001b[33maria-labelledby\u001b[39m=\u001b[32m\"chakra-modal--header-1\"\u001b[39m\n          \u001b[33maria-modal\u001b[39m=\u001b[32m\"true\"\u001b[39m\n          \u001b[33mclass\u001b[39m=\u001b[32m\"chakra-modal__content css-hxtskf\"\u001b[39m\n          \u001b[33mid\u001b[39m=\u001b[32m\"chakra-modal-1\"\u001b[39m\n          \u001b[33mrole\u001b[39m=\u001b[32m\"dialog\"\u001b[39m\n          \u001b[33mstyle\u001b[39m=\u001b[32m\"opacity: 0; transform: scale(0.95) translateZ(0);\"\u001b[39m\n          \u001b[33mtabindex\u001b[39m=\u001b[32m\"-1\"\u001b[39m\n        \u001b[36m>\u001b[39m\n          \u001b[36m<header\u001b[39m\n            \u001b[33mclass\u001b[39m=\u001b[32m\"chakra-modal__header css-9fgtzh\"\u001b[39m\n            \u001b[33mid\u001b[39m=\u001b[32m\"chakra-modal--header-1\"\u001b[39m\n          \u001b[36m>\u001b[39m\n            \u001b[0m0rfbkX3VwkyeBEnU0ZIo8\u001b[0m\n          \u001b[36m</header>\u001b[39m\n          \u001b[36m<button\u001b[39m\n            \u001b[33maria-label\u001b[39m=\u001b[32m\"Close\"\u001b[39m\n            \u001b[33mclass\u001b[39m=\u001b[32m\"chakra-modal__close-btn css-1iqbypn\"\u001b[39m\n            \u001b[33mtype\u001b[39m=\u001b[32m\"button\"\u001b[39m\n          \u001b[36m>\u001b[39m\n            \u001b[36m<svg\u001b[39m\n              \u001b[33maria-hidden\u001b[39m=\u001b[32m\"true\"\u001b[39m\n              \u001b[33mclass\u001b[39m=\u001b[32m\"chakra-icon css-onkibi\"\u001b[39m\n              \u001b[33mfocusable\u001b[39m=\u001b[32m\"false\"\u001b[39m\n              \u001b[33mviewBox\u001b[39m=\u001b[32m\"0 0 24 24\"\u001b[39m\n            \u001b[36m>\u001b[39m\n              \u001b[36m<path\u001b[39m\n                \u001b[33md\u001b[39m=\u001b[32m\"M.439,21.44a1.5,1.5,0,0,0,2.122,2.121L11.823,14.3a.25.25,0,0,1,.354,0l9.262,9.263a1.5,1.5,0,1,0,2.122-2.121L14.3,12.177a.25.25,0,0,1,0-.354l9.263-9.262A1.5,1.5,0,0,0,21.439.44L12.177,9.7a.25.25,0,0,1-.354,0L2.561.44A1.5,1.5,0,0,0,.439,2.561L9.7,11.823a.25.25,0,0,1,0,.354Z\"\u001b[39m\n                \u001b[33mfill\u001b[39m=\u001b[32m\"currentColor\"\u001b[39m\n              \u001b[36m/>\u001b[39m\n            \u001b[36m</svg>\u001b[39m\n          \u001b[36m</button>\u001b[39m\n          \u001b[0mWAITING_TO_START\u001b[0m\n          \u001b[0m;\u001b[0m\n        \u001b[36m</section>\u001b[39m\n      \u001b[36m</div>\u001b[39m\n    \u001b[36m</div>\u001b[39m\n    \u001b[36m<div\u001b[39m\n      \u001b[33maria-hidden\u001b[39m=\u001b[32m\"true\"\u001b[39m\n      \u001b[33mdata-aria-hidden\u001b[39m=\u001b[32m\"true\"\u001b[39m\n      \u001b[33mdata-focus-guard\u001b[39m=\u001b[32m\"true\"\u001b[39m\n      \u001b[33mstyle\u001b[39m=\u001b[32m\"width: 1px; height: 0px; padding: 0px; overflow: hidden; position: fixed; top: 1px; left: 1px;\"\u001b[39m\n      \u001b[33mtabindex\u001b[39m=\u001b[32m\"0\"\u001b[39m\n    \u001b[36m/>\u001b[39m\n  \u001b[36m</div>\u001b[39m\n\u001b[36m</body>\u001b[39m\n    at Object.getElementError (/Users/jon/Documents/NEU/Teaching/covey.town-private/frontend/node_modules/@testing-library/dom/dist/config.js:40:19)\n    at /Users/jon/Documents/NEU/Teaching/covey.town-private/frontend/node_modules/@testing-library/dom/dist/query-helpers.js:90:38\n    at /Users/jon/Documents/NEU/Teaching/covey.town-private/frontend/node_modules/@testing-library/dom/dist/query-helpers.js:62:17\n    at /Users/jon/Documents/NEU/Teaching/covey.town-private/frontend/node_modules/@testing-library/dom/dist/query-helpers.js:111:19\n    at /Users/jon/Documents/NEU/Teaching/covey.town-private/frontend/src/components/Town/interactables/TicTacToe/TicTacToeArea.test.tsx:404:31\n    at Generator.next (<anonymous>)\n    at /Users/jon/Documents/NEU/Teaching/covey.town-private/frontend/src/components/Town/interactables/TicTacToe/TicTacToeArea.test.tsx:31:71\n    at new Promise (<anonymous>)\n    at Object.<anonymous>.__awaiter (/Users/jon/Documents/NEU/Teaching/covey.town-private/frontend/src/components/Town/interactables/TicTacToe/TicTacToeArea.test.tsx:27:12)\n    at Object.<anonymous> (/Users/jon/Documents/NEU/Teaching/covey.town-private/frontend/src/components/Town/interactables/TicTacToe/TicTacToeArea.test.tsx:400:89)\n    at Promise.then.completed (/Users/jon/Documents/NEU/Teaching/covey.town-private/frontend/node_modules/jest-circus/build/utils.js:293:28)\n    at new Promise (<anonymous>)\n    at callAsyncCircusFn (/Users/jon/Documents/NEU/Teaching/covey.town-private/frontend/node_modules/jest-circus/build/utils.js:226:10)\n    at _callCircusTest (/Users/jon/Documents/NEU/Teaching/covey.town-private/frontend/node_modules/jest-circus/build/run.js:297:40)\n    at _runTest (/Users/jon/Documents/NEU/Teaching/covey.town-private/frontend/node_modules/jest-circus/build/run.js:233:3)\n    at _runTestsForDescribeBlock (/Users/jon/Documents/NEU/Teaching/covey.town-private/frontend/node_modules/jest-circus/build/run.js:135:9)\n    at _runTestsForDescribeBlock (/Users/jon/Documents/NEU/Teaching/covey.town-private/frontend/node_modules/jest-circus/build/run.js:130:9)\n    at _runTestsForDescribeBlock (/Users/jon/Documents/NEU/Teaching/covey.town-private/frontend/node_modules/jest-circus/build/run.js:130:9)\n    at _runTestsForDescribeBlock (/Users/jon/Documents/NEU/Teaching/covey.town-private/frontend/node_modules/jest-circus/build/run.js:130:9)\n    at run (/Users/jon/Documents/NEU/Teaching/covey.town-private/frontend/node_modules/jest-circus/build/run.js:68:3)\n    at runAndTransformResultsToJestFormat (/Users/jon/Documents/NEU/Teaching/covey.town-private/frontend/node_modules/jest-circus/build/legacy-code-todo-rewrite/jestAdapterInit.js:122:21)\n    at jestAdapter (/Users/jon/Documents/NEU/Teaching/covey.town-private/frontend/node_modules/jest-circus/build/legacy-code-todo-rewrite/jestAdapter.js:79:19)\n    at runTestInternal (/Users/jon/Documents/NEU/Teaching/covey.town-private/frontend/node_modules/jest-runner/build/runTest.js:367:16)\n    at runTest (/Users/jon/Documents/NEU/Teaching/covey.town-private/frontend/node_modules/jest-runner/build/runTest.js:444:34)"],"fullName":"[T2] TicTacToeArea [T2.3] Join game button When clicked Is disabled and set to loading when the player is joining a game","invocations":1,"location":null,"numPassingAsserts":0,"retryReasons":[],"status":"failed","title":"Is disabled and set to loading when the player is joining a game"},{"ancestorTitles":["[T2] TicTacToeArea","[T2.3] Join game button"],"duration":57,"failureDetails":[{"message":"\u001b[2mexpect(\u001b[22m\u001b[31mreceived\u001b[39m\u001b[2m).toBeInTheDocument()\u001b[22m\n\n\u001b[31mreceived\u001b[39m value must be an HTMLElement or an SVGElement.\nReceived has value: \u001b[31mnull\u001b[39m"}],"failureMessages":["Error: \u001b[2mexpect(\u001b[22m\u001b[31mreceived\u001b[39m\u001b[2m).toBeInTheDocument()\u001b[22m\n\n\u001b[31mreceived\u001b[39m value must be an HTMLElement or an SVGElement.\nReceived has value: \u001b[31mnull\u001b[39m\n    at __EXTERNAL_MATCHER_TRAP__ (/Users/jon/Documents/NEU/Teaching/covey.town-private/frontend/node_modules/expect/build/index.js:317:30)\n    at Object.throwingMatcher [as toBeInTheDocument] (/Users/jon/Documents/NEU/Teaching/covey.town-private/frontend/node_modules/expect/build/index.js:318:15)\n    at Object.<anonymous> (/Users/jon/Documents/NEU/Teaching/covey.town-private/frontend/src/components/Town/interactables/TicTacToe/TicTacToeArea.test.tsx:429:51)\n    at Promise.then.completed (/Users/jon/Documents/NEU/Teaching/covey.town-private/frontend/node_modules/jest-circus/build/utils.js:293:28)\n    at new Promise (<anonymous>)\n    at callAsyncCircusFn (/Users/jon/Documents/NEU/Teaching/covey.town-private/frontend/node_modules/jest-circus/build/utils.js:226:10)\n    at _callCircusTest (/Users/jon/Documents/NEU/Teaching/covey.town-private/frontend/node_modules/jest-circus/build/run.js:297:40)\n    at _runTest (/Users/jon/Documents/NEU/Teaching/covey.town-private/frontend/node_modules/jest-circus/build/run.js:233:3)\n    at _runTestsForDescribeBlock (/Users/jon/Documents/NEU/Teaching/covey.town-private/frontend/node_modules/jest-circus/build/run.js:135:9)\n    at _runTestsForDescribeBlock (/Users/jon/Documents/NEU/Teaching/covey.town-private/frontend/node_modules/jest-circus/build/run.js:130:9)\n    at _runTestsForDescribeBlock (/Users/jon/Documents/NEU/Teaching/covey.town-private/frontend/node_modules/jest-circus/build/run.js:130:9)\n    at run (/Users/jon/Documents/NEU/Teaching/covey.town-private/frontend/node_modules/jest-circus/build/run.js:68:3)\n    at runAndTransformResultsToJestFormat (/Users/jon/Documents/NEU/Teaching/covey.town-private/frontend/node_modules/jest-circus/build/legacy-code-todo-rewrite/jestAdapterInit.js:122:21)\n    at jestAdapter (/Users/jon/Documents/NEU/Teaching/covey.town-private/frontend/node_modules/jest-circus/build/legacy-code-todo-rewrite/jestAdapter.js:79:19)\n    at runTestInternal (/Users/jon/Documents/NEU/Teaching/covey.town-private/frontend/node_modules/jest-runner/build/runTest.js:367:16)\n    at runTest (/Users/jon/Documents/NEU/Teaching/covey.town-private/frontend/node_modules/jest-runner/build/runTest.js:444:34)"],"fullName":"[T2] TicTacToeArea [T2.3] Join game button Adds the display of the button when a game becomes possible to join","invocations":1,"location":null,"numPassingAsserts":1,"retryReasons":[],"status":"failed","title":"Adds the display of the button when a game becomes possible to join"},{"ancestorTitles":["[T2] TicTacToeArea","[T2.3] Join game button"],"duration":57,"failureDetails":[{"message":"\u001b[2mexpect(\u001b[22m\u001b[31mreceived\u001b[39m\u001b[2m).toBeInTheDocument()\u001b[22m\n\n\u001b[31mreceived\u001b[39m value must be an HTMLElement or an SVGElement.\nReceived has value: \u001b[31mnull\u001b[39m"}],"failureMessages":["Error: \u001b[2mexpect(\u001b[22m\u001b[31mreceived\u001b[39m\u001b[2m).toBeInTheDocument()\u001b[22m\n\n\u001b[31mreceived\u001b[39m value must be an HTMLElement or an SVGElement.\nReceived has value: \u001b[31mnull\u001b[39m\n    at __EXTERNAL_MATCHER_TRAP__ (/Users/jon/Documents/NEU/Teaching/covey.town-private/frontend/node_modules/expect/build/index.js:317:30)\n    at Object.throwingMatcher [as toBeInTheDocument] (/Users/jon/Documents/NEU/Teaching/covey.town-private/frontend/node_modules/expect/build/index.js:318:15)\n    at Object.<anonymous> (/Users/jon/Documents/NEU/Teaching/covey.town-private/frontend/src/components/Town/interactables/TicTacToe/TicTacToeArea.test.tsx:437:51)\n    at Promise.then.completed (/Users/jon/Documents/NEU/Teaching/covey.town-private/frontend/node_modules/jest-circus/build/utils.js:293:28)\n    at new Promise (<anonymous>)\n    at callAsyncCircusFn (/Users/jon/Documents/NEU/Teaching/covey.town-private/frontend/node_modules/jest-circus/build/utils.js:226:10)\n    at _callCircusTest (/Users/jon/Documents/NEU/Teaching/covey.town-private/frontend/node_modules/jest-circus/build/run.js:297:40)\n    at _runTest (/Users/jon/Documents/NEU/Teaching/covey.town-private/frontend/node_modules/jest-circus/build/run.js:233:3)\n    at _runTestsForDescribeBlock (/Users/jon/Documents/NEU/Teaching/covey.town-private/frontend/node_modules/jest-circus/build/run.js:135:9)\n    at _runTestsForDescribeBlock (/Users/jon/Documents/NEU/Teaching/covey.town-private/frontend/node_modules/jest-circus/build/run.js:130:9)\n    at _runTestsForDescribeBlock (/Users/jon/Documents/NEU/Teaching/covey.town-private/frontend/node_modules/jest-circus/build/run.js:130:9)\n    at run (/Users/jon/Documents/NEU/Teaching/covey.town-private/frontend/node_modules/jest-circus/build/run.js:68:3)\n    at runAndTransformResultsToJestFormat (/Users/jon/Documents/NEU/Teaching/covey.town-private/frontend/node_modules/jest-circus/build/legacy-code-todo-rewrite/jestAdapterInit.js:122:21)\n    at jestAdapter (/Users/jon/Documents/NEU/Teaching/covey.town-private/frontend/node_modules/jest-circus/build/legacy-code-todo-rewrite/jestAdapter.js:79:19)\n    at runTestInternal (/Users/jon/Documents/NEU/Teaching/covey.town-private/frontend/node_modules/jest-runner/build/runTest.js:367:16)\n    at runTest (/Users/jon/Documents/NEU/Teaching/covey.town-private/frontend/node_modules/jest-runner/build/runTest.js:444:34)"],"fullName":"[T2] TicTacToeArea [T2.3] Join game button Removes the display of the button when a game becomes no longer possible to join","invocations":1,"location":null,"numPassingAsserts":0,"retryReasons":[],"status":"failed","title":"Removes the display of the button when a game becomes no longer possible to join"},{"ancestorTitles":["[T2] TicTacToeArea","[T2.4] Rendering the current observers"],"duration":59,"failureDetails":[{"name":"TestingLibraryElementError"}],"failureMessages":["TestingLibraryElementError: Unable to find a label with the text of: list of observers in the game\n\nIgnored nodes: comments, <script />, <style />\n\u001b[36m<body\u001b[39m\n  \u001b[33mclass\u001b[39m=\u001b[32m\"chakra-ui-light\"\u001b[39m\n\u001b[36m>\u001b[39m\n  \u001b[36m<div\u001b[39m\n    \u001b[33maria-hidden\u001b[39m=\u001b[32m\"true\"\u001b[39m\n    \u001b[33mdata-aria-hidden\u001b[39m=\u001b[32m\"true\"\u001b[39m\n    \u001b[33mid\u001b[39m=\u001b[32m\"chakra-toast-portal\"\u001b[39m\n  \u001b[36m>\u001b[39m\n    \u001b[36m<ul\u001b[39m\n      \u001b[33mid\u001b[39m=\u001b[32m\"chakra-toast-manager-top\"\u001b[39m\n      \u001b[33mstyle\u001b[39m=\u001b[32m\"position: fixed; z-index: 5500; pointer-events: none; display: flex; flex-direction: column; margin: 0px auto;\"\u001b[39m\n    \u001b[36m/>\u001b[39m\n    \u001b[36m<ul\u001b[39m\n      \u001b[33mid\u001b[39m=\u001b[32m\"chakra-toast-manager-top-left\"\u001b[39m\n      \u001b[33mstyle\u001b[39m=\u001b[32m\"position: fixed; z-index: 5500; pointer-events: none; display: flex; flex-direction: column;\"\u001b[39m\n    \u001b[36m/>\u001b[39m\n    \u001b[36m<ul\u001b[39m\n      \u001b[33mid\u001b[39m=\u001b[32m\"chakra-toast-manager-top-right\"\u001b[39m\n      \u001b[33mstyle\u001b[39m=\u001b[32m\"position: fixed; z-index: 5500; pointer-events: none; display: flex; flex-direction: column;\"\u001b[39m\n    \u001b[36m/>\u001b[39m\n    \u001b[36m<ul\u001b[39m\n      \u001b[33mid\u001b[39m=\u001b[32m\"chakra-toast-manager-bottom-left\"\u001b[39m\n      \u001b[33mstyle\u001b[39m=\u001b[32m\"position: fixed; z-index: 5500; pointer-events: none; display: flex; flex-direction: column;\"\u001b[39m\n    \u001b[36m/>\u001b[39m\n    \u001b[36m<ul\u001b[39m\n      \u001b[33mid\u001b[39m=\u001b[32m\"chakra-toast-manager-bottom\"\u001b[39m\n      \u001b[33mstyle\u001b[39m=\u001b[32m\"position: fixed; z-index: 5500; pointer-events: none; display: flex; flex-direction: column; margin: 0px auto;\"\u001b[39m\n    \u001b[36m/>\u001b[39m\n    \u001b[36m<ul\u001b[39m\n      \u001b[33mid\u001b[39m=\u001b[32m\"chakra-toast-manager-bottom-right\"\u001b[39m\n      \u001b[33mstyle\u001b[39m=\u001b[32m\"position: fixed; z-index: 5500; pointer-events: none; display: flex; flex-direction: column;\"\u001b[39m\n    \u001b[36m/>\u001b[39m\n  \u001b[36m</div>\u001b[39m\n  \u001b[36m<div\u001b[39m\n    \u001b[33maria-hidden\u001b[39m=\u001b[32m\"true\"\u001b[39m\n    \u001b[33mdata-aria-hidden\u001b[39m=\u001b[32m\"true\"\u001b[39m\n  \u001b[36m/>\u001b[39m\n  \u001b[36m<div\u001b[39m\n    \u001b[33mclass\u001b[39m=\u001b[32m\"chakra-portal\"\u001b[39m\n  \u001b[36m>\u001b[39m\n    \u001b[36m<div\u001b[39m\n      \u001b[33maria-hidden\u001b[39m=\u001b[32m\"true\"\u001b[39m\n      \u001b[33mclass\u001b[39m=\u001b[32m\"chakra-modal__overlay css-hdd9l7\"\u001b[39m\n      \u001b[33mdata-aria-hidden\u001b[39m=\u001b[32m\"true\"\u001b[39m\n      \u001b[33mstyle\u001b[39m=\u001b[32m\"opacity: 0;\"\u001b[39m\n    \u001b[36m/>\u001b[39m\n    \u001b[36m<div\u001b[39m\n      \u001b[33maria-hidden\u001b[39m=\u001b[32m\"true\"\u001b[39m\n      \u001b[33mdata-aria-hidden\u001b[39m=\u001b[32m\"true\"\u001b[39m\n      \u001b[33mdata-focus-guard\u001b[39m=\u001b[32m\"true\"\u001b[39m\n      \u001b[33mstyle\u001b[39m=\u001b[32m\"width: 1px; height: 0px; padding: 0px; overflow: hidden; position: fixed; top: 1px; left: 1px;\"\u001b[39m\n      \u001b[33mtabindex\u001b[39m=\u001b[32m\"0\"\u001b[39m\n    \u001b[36m/>\u001b[39m\n    \u001b[36m<div\u001b[39m\n      \u001b[33maria-hidden\u001b[39m=\u001b[32m\"true\"\u001b[39m\n      \u001b[33mdata-aria-hidden\u001b[39m=\u001b[32m\"true\"\u001b[39m\n      \u001b[33mdata-focus-guard\u001b[39m=\u001b[32m\"true\"\u001b[39m\n      \u001b[33mstyle\u001b[39m=\u001b[32m\"width: 1px; height: 0px; padding: 0px; overflow: hidden; position: fixed; top: 1px; left: 1px;\"\u001b[39m\n      \u001b[33mtabindex\u001b[39m=\u001b[32m\"1\"\u001b[39m\n    \u001b[36m/>\u001b[39m\n    \u001b[36m<div\u001b[39m\n      \u001b[33mdata-focus-lock-disabled\u001b[39m=\u001b[32m\"false\"\u001b[39m\n    \u001b[36m>\u001b[39m\n      \u001b[36m<div\u001b[39m\n        \u001b[33mclass\u001b[39m=\u001b[32m\"chakra-modal__content-container css-v9b9hc\"\u001b[39m\n        \u001b[33mtabindex\u001b[39m=\u001b[32m\"-1\"\u001b[39m\n      \u001b[36m>\u001b[39m\n        \u001b[36m<section\u001b[39m\n          \u001b[33maria-labelledby\u001b[39m=\u001b[32m\"chakra-modal--header-1\"\u001b[39m\n          \u001b[33maria-modal\u001b[39m=\u001b[32m\"true\"\u001b[39m\n          \u001b[33mclass\u001b[39m=\u001b[32m\"chakra-modal__content css-hxtskf\"\u001b[39m\n          \u001b[33mid\u001b[39m=\u001b[32m\"chakra-modal-1\"\u001b[39m\n          \u001b[33mrole\u001b[39m=\u001b[32m\"dialog\"\u001b[39m\n          \u001b[33mstyle\u001b[39m=\u001b[32m\"opacity: 0; transform: scale(0.95) translateZ(0);\"\u001b[39m\n          \u001b[33mtabindex\u001b[39m=\u001b[32m\"-1\"\u001b[39m\n        \u001b[36m>\u001b[39m\n          \u001b[36m<header\u001b[39m\n            \u001b[33mclass\u001b[39m=\u001b[32m\"chakra-modal__header css-9fgtzh\"\u001b[39m\n            \u001b[33mid\u001b[39m=\u001b[32m\"chakra-modal--header-1\"\u001b[39m\n          \u001b[36m>\u001b[39m\n            \u001b[0m-x3OL_8iSs4XTqv5_NtYn\u001b[0m\n          \u001b[36m</header>\u001b[39m\n          \u001b[36m<button\u001b[39m\n            \u001b[33maria-label\u001b[39m=\u001b[32m\"Close\"\u001b[39m\n            \u001b[33mclass\u001b[39m=\u001b[32m\"chakra-modal__close-btn css-1iqbypn\"\u001b[39m\n            \u001b[33mtype\u001b[39m=\u001b[32m\"button\"\u001b[39m\n          \u001b[36m>\u001b[39m\n            \u001b[36m<svg\u001b[39m\n              \u001b[33maria-hidden\u001b[39m=\u001b[32m\"true\"\u001b[39m\n              \u001b[33mclass\u001b[39m=\u001b[32m\"chakra-icon css-onkibi\"\u001b[39m\n              \u001b[33mfocusable\u001b[39m=\u001b[32m\"false\"\u001b[39m\n              \u001b[33mviewBox\u001b[39m=\u001b[32m\"0 0 24 24\"\u001b[39m\n            \u001b[36m>\u001b[39m\n              \u001b[36m<path\u001b[39m\n                \u001b[33md\u001b[39m=\u001b[32m\"M.439,21.44a1.5,1.5,0,0,0,2.122,2.121L11.823,14.3a.25.25,0,0,1,.354,0l9.262,9.263a1.5,1.5,0,1,0,2.122-2.121L14.3,12.177a.25.25,0,0,1,0-.354l9.263-9.262A1.5,1.5,0,0,0,21.439.44L12.177,9.7a.25.25,0,0,1-.354,0L2.561.44A1.5,1.5,0,0,0,.439,2.561L9.7,11.823a.25.25,0,0,1,0,.354Z\"\u001b[39m\n                \u001b[33mfill\u001b[39m=\u001b[32m\"currentColor\"\u001b[39m\n              \u001b[36m/>\u001b[39m\n            \u001b[36m</svg>\u001b[39m\n          \u001b[36m</button>\u001b[39m\n          \u001b[0mIN_PROGRESS\u001b[0m\n          \u001b[0m;\u001b[0m\n        \u001b[36m</section>\u001b[39m\n      \u001b[36m</div>\u001b[39m\n    \u001b[36m</div>\u001b[39m\n    \u001b[36m<div\u001b[39m\n      \u001b[33maria-hidden\u001b[39m=\u001b[32m\"true\"\u001b[39m\n      \u001b[33mdata-aria-hidden\u001b[39m=\u001b[32m\"true\"\u001b[39m\n      \u001b[33mdata-focus-guard\u001b[39m=\u001b[32m\"true\"\u001b[39m\n      \u001b[33mstyle\u001b[39m=\u001b[32m\"width: 1px; height: 0px; padding: 0px; overflow: hidden; position: fixed; top: 1px; left: 1px;\"\u001b[39m\n      \u001b[33mtabindex\u001b[39m=\u001b[32m\"0\"\u001b[39m\n    \u001b[36m/>\u001b[39m\n  \u001b[36m</div>\u001b[39m\n\u001b[36m</body>\u001b[39m\n    at Object.getElementError (/Users/jon/Documents/NEU/Teaching/covey.town-private/frontend/node_modules/@testing-library/dom/dist/config.js:40:19)\n    at getAllByLabelText (/Users/jon/Documents/NEU/Teaching/covey.town-private/frontend/node_modules/@testing-library/dom/dist/queries/label-text.js:116:38)\n    at /Users/jon/Documents/NEU/Teaching/covey.town-private/frontend/node_modules/@testing-library/dom/dist/query-helpers.js:62:17\n    at /Users/jon/Documents/NEU/Teaching/covey.town-private/frontend/node_modules/@testing-library/dom/dist/query-helpers.js:111:19\n    at Object.<anonymous> (/Users/jon/Documents/NEU/Teaching/covey.town-private/frontend/src/components/Town/interactables/TicTacToe/TicTacToeArea.test.tsx:460:35)\n    at Promise.then.completed (/Users/jon/Documents/NEU/Teaching/covey.town-private/frontend/node_modules/jest-circus/build/utils.js:293:28)\n    at new Promise (<anonymous>)\n    at callAsyncCircusFn (/Users/jon/Documents/NEU/Teaching/covey.town-private/frontend/node_modules/jest-circus/build/utils.js:226:10)\n    at _callCircusTest (/Users/jon/Documents/NEU/Teaching/covey.town-private/frontend/node_modules/jest-circus/build/run.js:297:40)\n    at _runTest (/Users/jon/Documents/NEU/Teaching/covey.town-private/frontend/node_modules/jest-circus/build/run.js:233:3)\n    at _runTestsForDescribeBlock (/Users/jon/Documents/NEU/Teaching/covey.town-private/frontend/node_modules/jest-circus/build/run.js:135:9)\n    at _runTestsForDescribeBlock (/Users/jon/Documents/NEU/Teaching/covey.town-private/frontend/node_modules/jest-circus/build/run.js:130:9)\n    at _runTestsForDescribeBlock (/Users/jon/Documents/NEU/Teaching/covey.town-private/frontend/node_modules/jest-circus/build/run.js:130:9)\n    at run (/Users/jon/Documents/NEU/Teaching/covey.town-private/frontend/node_modules/jest-circus/build/run.js:68:3)\n    at runAndTransformResultsToJestFormat (/Users/jon/Documents/NEU/Teaching/covey.town-private/frontend/node_modules/jest-circus/build/legacy-code-todo-rewrite/jestAdapterInit.js:122:21)\n    at jestAdapter (/Users/jon/Documents/NEU/Teaching/covey.town-private/frontend/node_modules/jest-circus/build/legacy-code-todo-rewrite/jestAdapter.js:79:19)\n    at runTestInternal (/Users/jon/Documents/NEU/Teaching/covey.town-private/frontend/node_modules/jest-runner/build/runTest.js:367:16)\n    at runTest (/Users/jon/Documents/NEU/Teaching/covey.town-private/frontend/node_modules/jest-runner/build/runTest.js:444:34)"],"fullName":"[T2] TicTacToeArea [T2.4] Rendering the current observers Displays the correct observers when the component is mounted","invocations":1,"location":null,"numPassingAsserts":0,"retryReasons":[],"status":"failed","title":"Displays the correct observers when the component is mounted"},{"ancestorTitles":["[T2] TicTacToeArea","[T2.4] Rendering the current observers"],"duration":58,"failureDetails":[{"name":"TestingLibraryElementError"}],"failureMessages":["TestingLibraryElementError: Unable to find a label with the text of: list of observers in the game\n\nIgnored nodes: comments, <script />, <style />\n\u001b[36m<body\u001b[39m\n  \u001b[33mclass\u001b[39m=\u001b[32m\"chakra-ui-light\"\u001b[39m\n\u001b[36m>\u001b[39m\n  \u001b[36m<div\u001b[39m\n    \u001b[33maria-hidden\u001b[39m=\u001b[32m\"true\"\u001b[39m\n    \u001b[33mdata-aria-hidden\u001b[39m=\u001b[32m\"true\"\u001b[39m\n    \u001b[33mid\u001b[39m=\u001b[32m\"chakra-toast-portal\"\u001b[39m\n  \u001b[36m>\u001b[39m\n    \u001b[36m<ul\u001b[39m\n      \u001b[33mid\u001b[39m=\u001b[32m\"chakra-toast-manager-top\"\u001b[39m\n      \u001b[33mstyle\u001b[39m=\u001b[32m\"position: fixed; z-index: 5500; pointer-events: none; display: flex; flex-direction: column; margin: 0px auto;\"\u001b[39m\n    \u001b[36m/>\u001b[39m\n    \u001b[36m<ul\u001b[39m\n      \u001b[33mid\u001b[39m=\u001b[32m\"chakra-toast-manager-top-left\"\u001b[39m\n      \u001b[33mstyle\u001b[39m=\u001b[32m\"position: fixed; z-index: 5500; pointer-events: none; display: flex; flex-direction: column;\"\u001b[39m\n    \u001b[36m/>\u001b[39m\n    \u001b[36m<ul\u001b[39m\n      \u001b[33mid\u001b[39m=\u001b[32m\"chakra-toast-manager-top-right\"\u001b[39m\n      \u001b[33mstyle\u001b[39m=\u001b[32m\"position: fixed; z-index: 5500; pointer-events: none; display: flex; flex-direction: column;\"\u001b[39m\n    \u001b[36m/>\u001b[39m\n    \u001b[36m<ul\u001b[39m\n      \u001b[33mid\u001b[39m=\u001b[32m\"chakra-toast-manager-bottom-left\"\u001b[39m\n      \u001b[33mstyle\u001b[39m=\u001b[32m\"position: fixed; z-index: 5500; pointer-events: none; display: flex; flex-direction: column;\"\u001b[39m\n    \u001b[36m/>\u001b[39m\n    \u001b[36m<ul\u001b[39m\n      \u001b[33mid\u001b[39m=\u001b[32m\"chakra-toast-manager-bottom\"\u001b[39m\n      \u001b[33mstyle\u001b[39m=\u001b[32m\"position: fixed; z-index: 5500; pointer-events: none; display: flex; flex-direction: column; margin: 0px auto;\"\u001b[39m\n    \u001b[36m/>\u001b[39m\n    \u001b[36m<ul\u001b[39m\n      \u001b[33mid\u001b[39m=\u001b[32m\"chakra-toast-manager-bottom-right\"\u001b[39m\n      \u001b[33mstyle\u001b[39m=\u001b[32m\"position: fixed; z-index: 5500; pointer-events: none; display: flex; flex-direction: column;\"\u001b[39m\n    \u001b[36m/>\u001b[39m\n  \u001b[36m</div>\u001b[39m\n  \u001b[36m<div\u001b[39m\n    \u001b[33maria-hidden\u001b[39m=\u001b[32m\"true\"\u001b[39m\n    \u001b[33mdata-aria-hidden\u001b[39m=\u001b[32m\"true\"\u001b[39m\n  \u001b[36m/>\u001b[39m\n  \u001b[36m<div\u001b[39m\n    \u001b[33mclass\u001b[39m=\u001b[32m\"chakra-portal\"\u001b[39m\n  \u001b[36m>\u001b[39m\n    \u001b[36m<div\u001b[39m\n      \u001b[33maria-hidden\u001b[39m=\u001b[32m\"true\"\u001b[39m\n      \u001b[33mclass\u001b[39m=\u001b[32m\"chakra-modal__overlay css-hdd9l7\"\u001b[39m\n      \u001b[33mdata-aria-hidden\u001b[39m=\u001b[32m\"true\"\u001b[39m\n      \u001b[33mstyle\u001b[39m=\u001b[32m\"opacity: 0;\"\u001b[39m\n    \u001b[36m/>\u001b[39m\n    \u001b[36m<div\u001b[39m\n      \u001b[33maria-hidden\u001b[39m=\u001b[32m\"true\"\u001b[39m\n      \u001b[33mdata-aria-hidden\u001b[39m=\u001b[32m\"true\"\u001b[39m\n      \u001b[33mdata-focus-guard\u001b[39m=\u001b[32m\"true\"\u001b[39m\n      \u001b[33mstyle\u001b[39m=\u001b[32m\"width: 1px; height: 0px; padding: 0px; overflow: hidden; position: fixed; top: 1px; left: 1px;\"\u001b[39m\n      \u001b[33mtabindex\u001b[39m=\u001b[32m\"0\"\u001b[39m\n    \u001b[36m/>\u001b[39m\n    \u001b[36m<div\u001b[39m\n      \u001b[33maria-hidden\u001b[39m=\u001b[32m\"true\"\u001b[39m\n      \u001b[33mdata-aria-hidden\u001b[39m=\u001b[32m\"true\"\u001b[39m\n      \u001b[33mdata-focus-guard\u001b[39m=\u001b[32m\"true\"\u001b[39m\n      \u001b[33mstyle\u001b[39m=\u001b[32m\"width: 1px; height: 0px; padding: 0px; overflow: hidden; position: fixed; top: 1px; left: 1px;\"\u001b[39m\n      \u001b[33mtabindex\u001b[39m=\u001b[32m\"1\"\u001b[39m\n    \u001b[36m/>\u001b[39m\n    \u001b[36m<div\u001b[39m\n      \u001b[33mdata-focus-lock-disabled\u001b[39m=\u001b[32m\"false\"\u001b[39m\n    \u001b[36m>\u001b[39m\n      \u001b[36m<div\u001b[39m\n        \u001b[33mclass\u001b[39m=\u001b[32m\"chakra-modal__content-container css-v9b9hc\"\u001b[39m\n        \u001b[33mtabindex\u001b[39m=\u001b[32m\"-1\"\u001b[39m\n      \u001b[36m>\u001b[39m\n        \u001b[36m<section\u001b[39m\n          \u001b[33maria-labelledby\u001b[39m=\u001b[32m\"chakra-modal--header-1\"\u001b[39m\n          \u001b[33maria-modal\u001b[39m=\u001b[32m\"true\"\u001b[39m\n          \u001b[33mclass\u001b[39m=\u001b[32m\"chakra-modal__content css-hxtskf\"\u001b[39m\n          \u001b[33mid\u001b[39m=\u001b[32m\"chakra-modal-1\"\u001b[39m\n          \u001b[33mrole\u001b[39m=\u001b[32m\"dialog\"\u001b[39m\n          \u001b[33mstyle\u001b[39m=\u001b[32m\"opacity: 0; transform: scale(0.95) translateZ(0);\"\u001b[39m\n          \u001b[33mtabindex\u001b[39m=\u001b[32m\"-1\"\u001b[39m\n        \u001b[36m>\u001b[39m\n          \u001b[36m<header\u001b[39m\n            \u001b[33mclass\u001b[39m=\u001b[32m\"chakra-modal__header css-9fgtzh\"\u001b[39m\n            \u001b[33mid\u001b[39m=\u001b[32m\"chakra-modal--header-1\"\u001b[39m\n          \u001b[36m>\u001b[39m\n            \u001b[0m41rwsk_binaRIVvoZl5rg\u001b[0m\n          \u001b[36m</header>\u001b[39m\n          \u001b[36m<button\u001b[39m\n            \u001b[33maria-label\u001b[39m=\u001b[32m\"Close\"\u001b[39m\n            \u001b[33mclass\u001b[39m=\u001b[32m\"chakra-modal__close-btn css-1iqbypn\"\u001b[39m\n            \u001b[33mtype\u001b[39m=\u001b[32m\"button\"\u001b[39m\n          \u001b[36m>\u001b[39m\n            \u001b[36m<svg\u001b[39m\n              \u001b[33maria-hidden\u001b[39m=\u001b[32m\"true\"\u001b[39m\n              \u001b[33mclass\u001b[39m=\u001b[32m\"chakra-icon css-onkibi\"\u001b[39m\n              \u001b[33mfocusable\u001b[39m=\u001b[32m\"false\"\u001b[39m\n              \u001b[33mviewBox\u001b[39m=\u001b[32m\"0 0 24 24\"\u001b[39m\n            \u001b[36m>\u001b[39m\n              \u001b[36m<path\u001b[39m\n                \u001b[33md\u001b[39m=\u001b[32m\"M.439,21.44a1.5,1.5,0,0,0,2.122,2.121L11.823,14.3a.25.25,0,0,1,.354,0l9.262,9.263a1.5,1.5,0,1,0,2.122-2.121L14.3,12.177a.25.25,0,0,1,0-.354l9.263-9.262A1.5,1.5,0,0,0,21.439.44L12.177,9.7a.25.25,0,0,1-.354,0L2.561.44A1.5,1.5,0,0,0,.439,2.561L9.7,11.823a.25.25,0,0,1,0,.354Z\"\u001b[39m\n                \u001b[33mfill\u001b[39m=\u001b[32m\"currentColor\"\u001b[39m\n              \u001b[36m/>\u001b[39m\n            \u001b[36m</svg>\u001b[39m\n          \u001b[36m</button>\u001b[39m\n          \u001b[0mIN_PROGRESS\u001b[0m\n          \u001b[0m;\u001b[0m\n        \u001b[36m</section>\u001b[39m\n      \u001b[36m</div>\u001b[39m\n    \u001b[36m</div>\u001b[39m\n    \u001b[36m<div\u001b[39m\n      \u001b[33maria-hidden\u001b[39m=\u001b[32m\"true\"\u001b[39m\n      \u001b[33mdata-aria-hidden\u001b[39m=\u001b[32m\"true\"\u001b[39m\n      \u001b[33mdata-focus-guard\u001b[39m=\u001b[32m\"true\"\u001b[39m\n      \u001b[33mstyle\u001b[39m=\u001b[32m\"width: 1px; height: 0px; padding: 0px; overflow: hidden; position: fixed; top: 1px; left: 1px;\"\u001b[39m\n      \u001b[33mtabindex\u001b[39m=\u001b[32m\"0\"\u001b[39m\n    \u001b[36m/>\u001b[39m\n  \u001b[36m</div>\u001b[39m\n\u001b[36m</body>\u001b[39m\n    at Object.getElementError (/Users/jon/Documents/NEU/Teaching/covey.town-private/frontend/node_modules/@testing-library/dom/dist/config.js:40:19)\n    at getAllByLabelText (/Users/jon/Documents/NEU/Teaching/covey.town-private/frontend/node_modules/@testing-library/dom/dist/queries/label-text.js:116:38)\n    at /Users/jon/Documents/NEU/Teaching/covey.town-private/frontend/node_modules/@testing-library/dom/dist/query-helpers.js:62:17\n    at /Users/jon/Documents/NEU/Teaching/covey.town-private/frontend/node_modules/@testing-library/dom/dist/query-helpers.js:111:19\n    at Object.<anonymous> (/Users/jon/Documents/NEU/Teaching/covey.town-private/frontend/src/components/Town/interactables/TicTacToe/TicTacToeArea.test.tsx:478:35)\n    at Promise.then.completed (/Users/jon/Documents/NEU/Teaching/covey.town-private/frontend/node_modules/jest-circus/build/utils.js:293:28)\n    at new Promise (<anonymous>)\n    at callAsyncCircusFn (/Users/jon/Documents/NEU/Teaching/covey.town-private/frontend/node_modules/jest-circus/build/utils
[...]
tatus)\u001b[33m.\u001b[39mtoBe(\u001b[32m'IN_PROGRESS'\u001b[39m)\u001b[33m;\u001b[39m\u001b[0m\u001b[22m\n\u001b[2m    \u001b[0m \u001b[90m     |\u001b[39m                                   \u001b[31m\u001b[1m^\u001b[22m\u001b[2m\u001b[39m\u001b[0m\u001b[22m\n\u001b[2m    \u001b[0m \u001b[90m 157 |\u001b[39m       })\u001b[33m;\u001b[39m\u001b[0m\u001b[22m\n\u001b[2m    \u001b[0m \u001b[90m 158 |\u001b[39m       it(\u001b[32m'should return WAITING_TO_START if the game is not defined'\u001b[39m\u001b[33m,\u001b[39m () \u001b[33m=>\u001b[39m {\u001b[0m\u001b[22m\n\u001b[2m    \u001b[0m \u001b[90m 159 |\u001b[39m         \u001b[36mconst\u001b[39m controller \u001b[33m=\u001b[39m ticTacToeAreaControllerWithProp({\u001b[0m\u001b[22m\n\u001b[2m\u001b[22m\n\u001b[2m      \u001b[2mat Object.<anonymous> (\u001b[22m\u001b[2m\u001b[0m\u001b[36msrc/classes/interactable/TicTacToeAreaController.test.ts\u001b[39m\u001b[0m\u001b[2m:156:35)\u001b[22m\u001b[2m\u001b[22m\n\n\u001b[1m\u001b[31m  \u001b[1m● \u001b[22m\u001b[1m[T1] TicTacToeAreaController › [T1.1] › whoseTurn › should return the player whose turn it is initially\u001b[39m\u001b[22m\n\n    \u001b[2mexpect(\u001b[22m\u001b[31mreceived\u001b[39m\u001b[2m).\u001b[22mtoBe\u001b[2m(\u001b[22m\u001b[32mexpected\u001b[39m\u001b[2m) // Object.is equality\u001b[22m\n\n    Expected: \u001b[32m{\"_events\": {}, \"_eventsCount\": 0, \"_id\": \"CYyyLdUVx30B7dyiFIe_I\", \"_location\": {\"moving\": false, \"rotation\": \"front\", \"x\": 0, \"y\": 0}, \"_maxListeners\": undefined, \"_userName\": \"eiWd4Tn16K0e_GHUM4Rjm\", Symbol(kCapture): false}\u001b[39m\n    Received: \u001b[31mundefined\u001b[39m\n\u001b[2m\u001b[22m\n\u001b[2m    \u001b[0m \u001b[90m 170 |\u001b[39m           o\u001b[33m:\u001b[39m otherPlayers[\u001b[35m0\u001b[39m]\u001b[33m.\u001b[39mid\u001b[33m,\u001b[39m\u001b[0m\u001b[22m\n\u001b[2m    \u001b[0m \u001b[90m 171 |\u001b[39m         })\u001b[33m;\u001b[39m\u001b[0m\u001b[22m\n\u001b[2m    \u001b[0m\u001b[31m\u001b[1m>\u001b[22m\u001b[2m\u001b[39m\u001b[90m 172 |\u001b[39m         expect(controller\u001b[33m.\u001b[39mwhoseTurn)\u001b[33m.\u001b[39mtoBe(ourPlayer)\u001b[33m;\u001b[39m\u001b[0m\u001b[22m\n\u001b[2m    \u001b[0m \u001b[90m     |\u001b[39m                                      \u001b[31m\u001b[1m^\u001b[22m\u001b[2m\u001b[39m\u001b[0m\u001b[22m\n\u001b[2m    \u001b[0m \u001b[90m 173 |\u001b[39m       })\u001b[33m;\u001b[39m\u001b[0m\u001b[22m\n\u001b[2m    \u001b[0m \u001b[90m 174 |\u001b[39m       it(\u001b[32m'should return the player whose turn it is after a move'\u001b[39m\u001b[33m,\u001b[39m () \u001b[33m=>\u001b[39m {\u001b[0m\u001b[22m\n\u001b[2m    \u001b[0m \u001b[90m 175 |\u001b[39m         \u001b[36mconst\u001b[39m controller \u001b[33m=\u001b[39m ticTacToeAreaControllerWithProp({\u001b[0m\u001b[22m\n\u001b[2m\u001b[22m\n\u001b[2m      \u001b[2mat Object.<anonymous> (\u001b[22m\u001b[2m\u001b[0m\u001b[36msrc/classes/interactable/TicTacToeAreaController.test.ts\u001b[39m\u001b[0m\u001b[2m:172:38)\u001b[22m\u001b[2m\u001b[22m\n\n\u001b[1m\u001b[31m  \u001b[1m● \u001b[22m\u001b[1m[T1] TicTacToeAreaController › [T1.1] › whoseTurn › should return the player whose turn it is after a move\u001b[39m\u001b[22m\n\n    \u001b[2mexpect(\u001b[22m\u001b[31mreceived\u001b[39m\u001b[2m).\u001b[22mtoBe\u001b[2m(\u001b[22m\u001b[32mexpected\u001b[39m\u001b[2m) // Object.is equality\u001b[22m\n\n    Expected: \u001b[32m{\"_events\": {}, \"_eventsCount\": 0, \"_id\": \"hArx6DdNoSyWJqd_7lEIH\", \"_location\": {\"moving\": false, \"rotation\": \"front\", \"x\": 0, \"y\": 0}, \"_maxListeners\": undefined, \"_userName\": \"5Qc1WFwJfMcYmB33BmOJG\", Symbol(kCapture): false}\u001b[39m\n    Received: \u001b[31mundefined\u001b[39m\n\u001b[2m\u001b[22m\n\u001b[2m    \u001b[0m \u001b[90m 185 |\u001b[39m           ]\u001b[33m,\u001b[39m\u001b[0m\u001b[22m\n\u001b[2m    \u001b[0m \u001b[90m 186 |\u001b[39m         })\u001b[33m;\u001b[39m\u001b[0m\u001b[22m\n\u001b[2m    \u001b[0m\u001b[31m\u001b[1m>\u001b[22m\u001b[2m\u001b[39m\u001b[90m 187 |\u001b[39m         expect(controller\u001b[33m.\u001b[39mwhoseTurn)\u001b[33m.\u001b[39mtoBe(otherPlayers[\u001b[35m0\u001b[39m])\u001b[33m;\u001b[39m\u001b[0m\u001b[22m\n\u001b[2m    \u001b[0m \u001b[90m     |\u001b[39m                                      \u001b[31m\u001b[1m^\u001b[22m\u001b[2m\u001b[39m\u001b[0m\u001b[22m\n\u001b[2m    \u001b[0m \u001b[90m 188 |\u001b[39m       })\u001b[33m;\u001b[39m\u001b[0m\u001b[22m\n\u001b[2m    \u001b[0m \u001b[90m 189 |\u001b[39m       it(\u001b[32m'should return undefined if the game is not in progress'\u001b[39m\u001b[33m,\u001b[39m () \u001b[33m=>\u001b[39m {\u001b[0m\u001b[22m\n\u001b[2m    \u001b[0m \u001b[90m 190 |\u001b[39m         \u001b[36mconst\u001b[39m controller \u001b[33m=\u001b[39m ticTacToeAreaControllerWithProp({\u001b[0m\u001b[22m\n\u001b[2m\u001b[22m\n\u001b[2m      \u001b[2mat Object.<anonymous> (\u001b[22m\u001b[2m\u001b[0m\u001b[36msrc/classes/interactable/TicTacToeAreaController.test.ts\u001b[39m\u001b[0m\u001b[2m:187:38)\u001b[22m\u001b[2m\u001b[22m\n\n\u001b[1m\u001b[31m  \u001b[1m● \u001b[22m\u001b[1m[T1] TicTacToeAreaController › [T1.1] › isOurTurn › should return false if it is not our turn\u001b[39m\u001b[22m\n\n    \u001b[2mexpect(\u001b[22m\u001b[31mreceived\u001b[39m\u001b[2m).\u001b[22mtoBe\u001b[2m(\u001b[22m\u001b[32mexpected\u001b[39m\u001b[2m) // Object.is equality\u001b[22m\n\n    Expected: \u001b[32mfalse\u001b[39m\n    Received: \u001b[31mtrue\u001b[39m\n\u001b[2m\u001b[22m\n\u001b[2m    \u001b[0m \u001b[90m 211 |\u001b[39m           o\u001b[33m:\u001b[39m ourPlayer\u001b[33m.\u001b[39mid\u001b[33m,\u001b[39m\u001b[0m\u001b[22m\n\u001b[2m    \u001b[0m \u001b[90m 212 |\u001b[39m         })\u001b[33m;\u001b[39m\u001b[0m\u001b[22m\n\u001b[2m    \u001b[0m\u001b[31m\u001b[1m>\u001b[22m\u001b[2m\u001b[39m\u001b[90m 213 |\u001b[39m         expect(controller\u001b[33m.\u001b[39misOurTurn)\u001b[33m.\u001b[39mtoBe(\u001b[36mfalse\u001b[39m)\u001b[33m;\u001b[39m\u001b[0m\u001b[22m\n\u001b[2m    \u001b[0m \u001b[90m     |\u001b[39m                                      \u001b[31m\u001b[1m^\u001b[22m\u001b[2m\u001b[39m\u001b[0m\u001b[22m\n\u001b[2m    \u001b[0m \u001b[90m 214 |\u001b[39m       })\u001b[33m;\u001b[39m\u001b[0m\u001b[22m\n\u001b[2m    \u001b[0m \u001b[90m 215 |\u001b[39m     })\u001b[33m;\u001b[39m\u001b[0m\u001b[22m\n\u001b[2m    \u001b[0m \u001b[90m 216 |\u001b[39m     describe(\u001b[32m'moveCount'\u001b[39m\u001b[33m,\u001b[39m () \u001b[33m=>\u001b[39m {\u001b[0m\u001b[22m\n\u001b[2m\u001b[22m\n\u001b[2m      \u001b[2mat Object.<anonymous> (\u001b[22m\u001b[2m\u001b[0m\u001b[36msrc/classes/interactable/TicTacToeAreaController.test.ts\u001b[39m\u001b[0m\u001b[2m:213:38)\u001b[22m\u001b[2m\u001b[22m\n\n\u001b[1m\u001b[31m  \u001b[1m● \u001b[22m\u001b[1m[T1] TicTacToeAreaController › [T1.1] › moveCount › should return the number of moves that have been made\u001b[39m\u001b[22m\n\n    \u001b[2mexpect(\u001b[22m\u001b[31mreceived\u001b[39m\u001b[2m).\u001b[22mtoBe\u001b[2m(\u001b[22m\u001b[32mexpected\u001b[39m\u001b[2m) // Object.is equality\u001b[22m\n\n    Expected: \u001b[32m1\u001b[39m\n    Received: \u001b[31m0\u001b[39m\n\u001b[2m\u001b[22m\n\u001b[2m    \u001b[0m \u001b[90m 228 |\u001b[39m           ]\u001b[33m,\u001b[39m\u001b[0m\u001b[22m\n\u001b[2m    \u001b[0m \u001b[90m 229 |\u001b[39m         })\u001b[33m;\u001b[39m\u001b[0m\u001b[22m\n\u001b[2m    \u001b[0m\u001b[31m\u001b[1m>\u001b[22m\u001b[2m\u001b[39m\u001b[90m 230 |\u001b[39m         expect(controller\u001b[33m.\u001b[39mmoveCount)\u001b[33m.\u001b[39mtoBe(\u001b[35m1\u001b[39m)\u001b[33m;\u001b[39m\u001b[0m\u001b[22m\n\u001b[2m    \u001b[0m \u001b[90m     |\u001b[39m                                      \u001b[31m\u001b[1m^\u001b[22m\u001b[2m\u001b[39m\u001b[0m\u001b[22m\n\u001b[2m    \u001b[0m \u001b[90m 231 |\u001b[39m       })\u001b[33m;\u001b[39m\u001b[0m\u001b[22m\n\u001b[2m    \u001b[0m \u001b[90m 232 |\u001b[39m     })\u001b[33m;\u001b[39m\u001b[0m\u001b[22m\n\u001b[2m    \u001b[0m \u001b[90m 233 |\u001b[39m     describe(\u001b[32m'board'\u001b[39m\u001b[33m,\u001b[39m () \u001b[33m=>\u001b[39m {\u001b[0m\u001b[22m\n\u001b[2m\u001b[22m\n\u001b[2m      \u001b[2mat Object.<anonymous> (\u001b[22m\u001b[2m\u001b[0m\u001b[36msrc/classes/interactable/TicTacToeAreaController.test.ts\u001b[39m\u001b[0m\u001b[2m:230:38)\u001b[22m\u001b[2m\u001b[22m\n\n\u001b[1m\u001b[31m  \u001b[1m● \u001b[22m\u001b[1m[T1] TicTacToeAreaController › [T1.1] › board › should return an empty board by default\u001b[39m\u001b[22m\n\n    \u001b[2mexpect(\u001b[22m\u001b[31mreceived\u001b[39m\u001b[2m).\u001b[22mtoEqual\u001b[2m(\u001b[22m\u001b[32mexpected\u001b[39m\u001b[2m) // deep equality\u001b[22m\n\n    \u001b[32m- Expected  - 15\u001b[39m\n    \u001b[31m+ Received  +  1\u001b[39m\n\n    \u001b[2m  Array [\u001b[22m\n    \u001b[32m-   Array [\u001b[39m\n    \u001b[32m-     undefined,\u001b[39m\n    \u001b[32m-     undefined,\u001b[39m\n    \u001b[32m-     undefined,\u001b[39m\n    \u001b[32m-   ],\u001b[39m\n    \u001b[32m-   Array [\u001b[39m\n    \u001b[32m-     undefined,\u001b[39m\n    \u001b[32m-     undefined,\u001b[39m\n    \u001b[32m-     undefined,\u001b[39m\n    \u001b[32m-   ],\u001b[39m\n    \u001b[32m-   Array [\u001b[39m\n    \u001b[32m-     undefined,\u001b[39m\n    \u001b[32m-     undefined,\u001b[39m\n    \u001b[32m-     undefined,\u001b[39m\n    \u001b[32m-   ],\u001b[39m\n    \u001b[31m+   Array [],\u001b[39m\n    \u001b[2m  ]\u001b[22m\n\u001b[2m\u001b[22m\n\u001b[2m    \u001b[0m \u001b[90m 238 |\u001b[39m           o\u001b[33m:\u001b[39m otherPlayers[\u001b[35m0\u001b[39m]\u001b[33m.\u001b[39mid\u001b[33m,\u001b[39m\u001b[0m\u001b[22m\n\u001b[2m    \u001b[0m \u001b[90m 239 |\u001b[39m         })\u001b[33m;\u001b[39m\u001b[0m\u001b[22m\n\u001b[2m    \u001b[0m\u001b[31m\u001b[1m>\u001b[22m\u001b[2m\u001b[39m\u001b[90m 240 |\u001b[39m         expect(controller\u001b[33m.\u001b[39mboard)\u001b[33m.\u001b[39mtoEqual([\u001b[0m\u001b[22m\n\u001b[2m    \u001b[0m \u001b[90m     |\u001b[39m                                  \u001b[31m\u001b[1m^\u001b[22m\u001b[2m\u001b[39m\u001b[0m\u001b[22m\n\u001b[2m    \u001b[0m \u001b[90m 241 |\u001b[39m           [undefined\u001b[33m,\u001b[39m undefined\u001b[33m,\u001b[39m undefined]\u001b[33m,\u001b[39m\u001b[0m\u001b[22m\n\u001b[2m    \u001b[0m \u001b[90m 242 |\u001b[39m           [undefined\u001b[33m,\u001b[39m undefined\u001b[33m,\u001b[39m undefined]\u001b[33m,\u001b[39m\u001b[0m\u001b[22m\n\u001b[2m    \u001b[0m \u001b[90m 243 |\u001b[39m           [undefined\u001b[33m,\u001b[39m undefined\u001b[33m,\u001b[39m undefined]\u001b[33m,\u001b[39m\u001b[0m\u001b[22m\n\u001b[2m\u001b[22m\n\u001b[2m      \u001b[2mat Object.<anonymous> (\u001b[22m\u001b[2m\u001b[0m\u001b[36msrc/classes/interactable/TicTacToeAreaController.test.ts\u001b[39m\u001b[0m\u001b[2m:240:34)\u001b[22m\u001b[2m\u001b[22m\n\n\u001b[1m\u001b[31m  \u001b[1m● \u001b[22m\u001b[1m[T1] TicTacToeAreaController › [T1.1] › x › should return the x player if there is one\u001b[39m\u001b[22m\n\n    \u001b[2mexpect(\u001b[22m\u001b[31mreceived\u001b[39m\u001b[2m).\u001b[22mtoBe\u001b[2m(\u001b[22m\u001b[32mexpected\u001b[39m\u001b[2m) // Object.is equality\u001b[22m\n\n    Expected: \u001b[32m{\"_events\": {}, \"_eventsCount\": 0, \"_id\": \"CYyyLdUVx30B7dyiFIe_I\", \"_location\": {\"moving\": false, \"rotation\": \"front\", \"x\": 0, \"y\": 0}, \"_maxListeners\": undefined, \"_userName\": \"eiWd4Tn16K0e_GHUM4Rjm\", Symbol(kCapture): false}\u001b[39m\n    Received: \u001b[31mundefined\u001b[39m\n\u001b[2m\u001b[22m\n\u001b[2m    \u001b[0m \u001b[90m 252 |\u001b[39m           o\u001b[33m:\u001b[39m otherPlayers[\u001b[35m0\u001b[39m]\u001b[33m.\u001b[39mid\u001b[33m,\u001b[39m\u001b[0m\u001b[22m\n\u001b[2m    \u001b[0m \u001b[90m 253 |\u001b[39m         })\u001b[33m;\u001b[39m\u001b[0m\u001b[22m\n\u001b[2m    \u001b[0m\u001b[31m\u001b[1m>\u001b[22m\u001b[2m\u001b[39m\u001b[90m 254 |\u001b[39m         expect(controller\u001b[33m.\u001b[39mx)\u001b[33m.\u001b[39mtoBe(ourPlayer)\u001b[33m;\u001b[39m\u001b[0m\u001b[22m\n\u001b[2m    \u001b[0m \u001b[90m     |\u001b[39m                              \u001b[31m\u001b[1m^\u001b[22m\u001b[2m\u001b[39m\u001b[0m\u001b[22m\n\u001b[2m    \u001b[0m \u001b[90m 255 |\u001b[39m       })\u001b[33m;\u001b[39m\u001b[0m\u001b[22m\n\u001b[2m    \u001b[0m \u001b[90m 256 |\u001b[39m       it(\u001b[32m'should return undefined if there is no x player and the game is waiting to start'\u001b[39m\u001b[33m,\u001b[39m () \u001b[33m=>\u001b[39m {\u001b[0m\u001b[22m\n\u001b[2m    \u001b[0m \u001b[90m 257 |\u001b[39m         \u001b[36mconst\u001b[39m controller \u001b[33m=\u001b[39m ticTacToeAreaControllerWithProp({\u001b[0m\u001b[22m\n\u001b[2m\u001b[22m\n\u001b[2m      \u001b[2mat Object.<anonymous> (\u001b[22m\u001b[2m\u001b[0m\u001b[36msrc/classes/interactable/TicTacToeAreaController.test.ts\u001b[39m\u001b[0m\u001b[2m:254:30)\u001b[22m\u001b[2m\u001b[22m\n\n\u001b[1m\u001b[31m  \u001b[1m● \u001b[22m\u001b[1m[T1] TicTacToeAreaController › [T1.1] › o › should return the o player if there is one\u001b[39m\u001b[22m\n\n    \u001b[2mexpect(\u001b[22m\u001b[31mreceived\u001b[39m\u001b[2m).\u001b[22mtoBe\u001b[2m(\u001b[22m\u001b[32mexpected\u001b[39m\u001b[2m) // Object.is equality\u001b[22m\n\n    Expected: \u001b[32m{\"_events\": {}, \"_eventsCount\": 0, \"_id\": \"CYyyLdUVx30B7dyiFIe_I\", \"_location\": {\"moving\": false, \"rotation\": \"front\", \"x\": 0, \"y\": 0}, \"_maxListeners\": undefined, \"_userName\": \"eiWd4Tn16K0e_GHUM4Rjm\", Symbol(kCapture): false}\u001b[39m\n    Received: \u001b[31mundefined\u001b[39m\n\u001b[2m\u001b[22m\n\u001b[2m    \u001b[0m \u001b[90m 275 |\u001b[39m           o\u001b[33m:\u001b[39m ourPlayer\u001b[33m.\u001b[39mid\u001b[33m,\u001b[39m\u001b[0m\u001b[22m\n\u001b[2m    \u001b[0m \u001b[90m 276 |\u001b[39m         })\u001b[33m;\u001b[39m\u001b[0m\u001b[22m\n\u001b[2m    \u001b[0m\u001b[31m\u001b[1m>\u001b[22m\u001b[2m\u001b[39m\u001b[90m 277 |\u001b[39m         expect(controller\u001b[33m.\u001b[39mo)\u001b[33m.\u001b[39mtoBe(ourPlayer)\u001b[33m;\u001b[39m\u001b[0m\u001b[22m\n\u001b[2m    \u001b[0m \u001b[90m     |\u001b[39m                              \u001b[31m\u001b[1m^\u001b[22m\u001b[2m\u001b[39m\u001b[0m\u001b[22m\n\u001b[2m    \u001b[0m \u001b[90m 278 |\u001b[39m       })\u001b[33m;\u001b[39m\u001b[0m\u001b[22m\n\u001b[2m    \u001b[0m \u001b[90m 279 |\u001b[39m       it(\u001b[32m'should return undefined if there is no o player and the game is waiting to start'\u001b[39m\u001b[33m,\u001b[39m () \u001b[33m=>\u001b[39m {\u001b[0m\u001b[22m\n\u001b[2m    \u001b[0m \u001b[90m 280 |\u001b[39m         \u001b[36mconst\u001b[39m controller \u001b[33m=\u001b[39m ticTacToeAreaControllerWithProp({\u001b[0m\u001b[22m\n\u001b[2m\u001b[22m\n\u001b[2m      \u001b[2mat Object.<anonymous> (\u001b[22m\u001b[2m\u001b[0m\u001b[36msrc/classes/interactable/TicTacToeAreaController.test.ts\u001b[39m\u001b[0m\u001b[2m:277:30)\u001b[22m\u001b[2m\u001b[22m\n\n\u001b[1m\u001b[31m  \u001b[1m● \u001b[22m\u001b[1m[T1] TicTacToeAreaController › [T1.1] › winner › should return the winner if there is one\u001b[39m\u001b[22m\n\n    \u001b[2mexpect(\u001b[22m\u001b[31mreceived\u001b[39m\u001b[2m).\u001b[22mtoBe\u001b[2m(\u001b[22m\u001b[32mexpected\u001b[39m\u001b[2m) // Object.is equality\u001b[22m\n\n    Expected: \u001b[32m{\"_events\": {}, \"_eventsCount\": 0, \"_id\": \"CYyyLdUVx30B7dyiFIe_I\", \"_location\": {\"moving\": false, \"rotation\": \"front\", \"x\": 0, \"y\": 0}, \"_maxListeners\": undefined, \"_userName\": \"eiWd4Tn16K0e_GHUM4Rjm\", Symbol(kCapture): false}\u001b[39m\n    Received: \u001b[31mundefined\u001b[39m\n\u001b[2m\u001b[22m\n\u001b[2m    \u001b[0m \u001b[90m 299 |\u001b[39m           winner\u001b[33m:\u001b[39m ourPlayer\u001b[33m.\u001b[39mid\u001b[33m,\u001b[39m\u001b[0m\u001b[22m\n\u001b[2m    \u001b[0m \u001b[90m 300 |\u001b[39m         })\u001b[33m;\u001b[39m\u001b[0m\u001b[22m\n\u001b[2m    \u001b[0m\u001b[31m\u001b[1m>\u001b[22m\u001b[2m\u001b[39m\u001b[90m 301 |\u001b[39m         expect(controller\u001b[33m.\u001b[39mwinner)\u001b[33m.\u001b[39mtoBe(ourPlayer)\u001b[33m;\u001b[39m\u001b[0m\u001b[22m\n\u001b[2m    \u001b[0m \u001b[90m     |\u001b[39m                                   \u001b[31m\u001b[1m^\u001b[22m\u001b[2m\u001b[39m\u001b[0m\u001b[22m\n\u001b[2m    \u001b[0m \u001b[90m 302 |\u001b[39m       })\u001b[33m;\u001b[39m\u001b[0m\u001b[22m\n\u001b[2m    \u001b[0m \u001b[90m 303 |\u001b[39m       it(\u001b[32m'should return undefined if there is no winner'\u001b[39m\u001b[33m,\u001b[39m () \u001b[33m=>\u001b[39m {\u001b[0m\u001b[22m\n\u001b[2m    \u001b[0m \u001b[90m 304 |\u001b[39m         \u001b[36mconst\u001b[39m controller \u001b[33m=\u001b[39m ticTacToeAreaControllerWithProp({\u001b[0m\u001b[22m\n\u001b[2m\u001b[22m\n\u001b[2m      \u001b[2mat Object.<anonymous> (\u001b[22m\u001b[2m\u001b[0m\u001b[36msrc/classes/interactable/TicTacToeAreaController.test.ts\u001b[39m\u001b[0m\u001b[2m:301:35)\u001b[22m\u001b[2m\u001b[22m\n\n\u001b[1m\u001b[31m  \u001b[1m● \u001b[22m\u001b[1m[T1] TicTacToeAreaController › [T1.2] _updateFrom › if the game is in progress › should update the board returned by the board property\u001b[39m\u001b[22m\n\n    \u001b[2mexpect(\u001b[22m\u001b[31mreceived\u001b[39m\u001b[2m).\u001b[22mtoEqual\u001b[2m(\u001b[22m\u001b[32mexpected\u001b[39m\u001b[2m) // deep equality\u001b[22m\n\n    \u001b[32m- Expected  - 15\u001b[39m\n    \u001b[31m+ Received  +  1\u001b[39m\n\n    \u001b[2m  Array [\u001b[22m\n    \u001b[32m-   Array [\u001b[39m\n    \u001b[32m-     \"X\",\u001b[39m\n    \u001b[32m-     undefined,\u001b[39m\n    \u001b[32m-     undefined,\u001b[39m\n    \u001b[32m-   ],\u001b[39m\n    \u001b[32m-   Array [\u001b[39m\n    \u001b[32m-     undefined,\u001b[39m\n    \u001b[32m-     \"O\",\u001b[39m\n    \u001b[32m-     undefined,\u001b[39m\n    \u001b[32m-   ],\u001b[39m\n    \u001b[32m-   Array [\u001b[39m\n    \u001b[32m-     undefined,\u001b[39m\n    \u001b[32m-     undefined,\u001b[39m\n    \u001b[32m-     undefined,\u001b[39m\n    \u001b[32m-   ],\u001b[39m\n    \u001b[31m+   Array [],\u001b[39m\n    \u001b[2m  ]\u001b[22m\n\u001b[2m\u001b[22m\n\u001b[2m    \u001b[0m \u001b[90m 377 |\u001b[39m         }\u001b[33m;\u001b[39m\u001b[0m\u001b[22m\n\u001b[2m    \u001b[0m \u001b[90m 378 |\u001b[39m         controller\u001b[33m.\u001b[39mupdateFrom(newModel\u001b[33m,\u001b[39m otherPlayers\u001b[33m.\u001b[39mconcat(ourPlayer))\u001b[33m;\u001b[39m\u001b[0m\u001b[22m\n\u001b[2m    \u001b[0m\u001b[31m\u001b[1m>\u001b[22m\u001b[2m\u001b[39m\u001b[90m 379 |\u001b[39m         expect(controller\u001b[33m.\u001b[39mboard)\u001b[33m.\u001b[39mtoEqual([\u001b[0m\u001b[22m\n\u001b[2m    \u001b[0m \u001b[90m     |\u001b[39m                                  \u001b[31m\u001b[1m^\u001b[22m\u001b[2m\u001b[39m\u001b[0m\u001b[22m\n\u001b[2m    \u001b[0m \u001b[90m 380 |\u001b[39m           [\u001b[32m'X'\u001b[39m\u001b[33m,\u001b[39m undefined\u001b[33m,\u001b[39m undefined]\u001b[33m,\u001b[39m\u001b[0m\u001b[22m\n\u001b[2m    \u001b[0m \u001b[90m 381 |\u001b[39m           [undefined\u001b[33m,\u001b[39m \u001b[32m'O'\u001b[39m\u001b[33m,\u001b[39m undefined]\u001b[33m,\u001b[39m\u001b[0m\u001b[22m\n\u001b[2m    \u001b[0m \u001b[90m 382 |\u001b[39m           [undefined\u001b[33m,\u001b[39m undefined\u001b[33m,\u001b[39m undefined]\u001b[33m,\u001b[39m\u001b[0m\u001b[22m\n\u001b[2m\u001b[22m\n\u001b[2m      \u001b[2mat Object.<anonymous> (\u001b[22m\u001b[2m\u001b[0m\u001b[36msrc/classes/interactable/TicTacToeAreaController.test.ts\u001b[39m\u001b[0m\u001b[2m:379:34)\u001b[22m\u001b[2m\u001b[22m\n","name":"/Users/jon/Documents/NEU/Teaching/covey.town-private/frontend/src/classes/interactable/TicTacToeAreaController.test.ts","startTime":1696079761773,"status":"failed","summary":""}],"wasInterrupted":false}
